2017-09-06 15:36:24,207 [DEBUG] [C3P0PooledConnectionPoolManager[identityToken->1br8czi9qo6uqwgdjd89o|4c731657]-AdminTaskTimer] ..v2.async.ThreadPoolAsynchronousRunner   :778 - com.mchange.v2.async.ThreadPoolAsynchronousRunner$DeadlockDetector@7453609 -- Running DeadlockDetector[Exiting. No pending tasks.]
2017-09-06 15:36:34,207 [DEBUG] [C3P0PooledConnectionPoolManager[identityToken->1br8czi9qo6uqwgdjd89o|4c731657]-AdminTaskTimer] ..v2.async.ThreadPoolAsynchronousRunner   :778 - com.mchange.v2.async.ThreadPoolAsynchronousRunner$DeadlockDetector@7453609 -- Running DeadlockDetector[Exiting. No pending tasks.]
2017-09-06 15:36:44,207 [DEBUG] [C3P0PooledConnectionPoolManager[identityToken->1br8czi9qo6uqwgdjd89o|4c731657]-AdminTaskTimer] ..v2.async.ThreadPoolAsynchronousRunner   :778 - com.mchange.v2.async.ThreadPoolAsynchronousRunner$DeadlockDetector@7453609 -- Running DeadlockDetector[Exiting. No pending tasks.]
2017-09-06 15:36:54,207 [DEBUG] [C3P0PooledConnectionPoolManager[identityToken->1br8czi9qo6uqwgdjd89o|4c731657]-AdminTaskTimer] ..v2.async.ThreadPoolAsynchronousRunner   :778 - com.mchange.v2.async.ThreadPoolAsynchronousRunner$DeadlockDetector@7453609 -- Running DeadlockDetector[Exiting. No pending tasks.]
2017-09-06 15:37:04,207 [DEBUG] [C3P0PooledConnectionPoolManager[identityToken->1br8czi9qo6uqwgdjd89o|4c731657]-AdminTaskTimer] ..v2.async.ThreadPoolAsynchronousRunner   :778 - com.mchange.v2.async.ThreadPoolAsynchronousRunner$DeadlockDetector@7453609 -- Running DeadlockDetector[Exiting. No pending tasks.]
2017-09-06 15:37:14,207 [DEBUG] [C3P0PooledConnectionPoolManager[identityToken->1br8czi9qo6uqwgdjd89o|4c731657]-AdminTaskTimer] ..v2.async.ThreadPoolAsynchronousRunner   :778 - com.mchange.v2.async.ThreadPoolAsynchronousRunner$DeadlockDetector@7453609 -- Running DeadlockDetector[Exiting. No pending tasks.]
2017-09-06 15:37:51,757 [DEBUG] [C3P0PooledConnectionPoolManager[identityToken->1br8czi9qo6z727uksgv4|10d8c33e]-AdminTaskTimer] ..v2.async.ThreadPoolAsynchronousRunner   :778 - com.mchange.v2.async.ThreadPoolAsynchronousRunner$DeadlockDetector@2cc56089 -- Running DeadlockDetector[Exiting. No pending tasks.]
2017-09-06 15:37:52,483 [DEBUG] [http-nio-8083-exec-4] ..v2.resourcepool.BasicResourcePool       :1801 - trace com.mchange.v2.resourcepool.BasicResourcePool@749f8d9d [managed: 2, unused: 1, excluded: 0] (e.g. com.mchange.v2.c3p0.impl.NewPooledConnection@1759ef32)
2017-09-06 15:37:52,495 [DEBUG] [http-nio-8083-exec-4] ..v2.async.ThreadPoolAsynchronousRunner   :236 - com.mchange.v2.async.ThreadPoolAsynchronousRunner@42b4411: Adding task to queue -- com.mchange.v2.resourcepool.BasicResourcePool$1RefurbishCheckinResourceTask@99f68a2
2017-09-06 15:37:52,495 [DEBUG] [http-nio-8083-exec-4] ..v2.resourcepool.BasicResourcePool       :1801 - trace com.mchange.v2.resourcepool.BasicResourcePool@749f8d9d [managed: 2, unused: 1, excluded: 0] (e.g. com.mchange.v2.c3p0.impl.NewPooledConnection@1759ef32)
2017-09-06 15:37:52,499 [DEBUG] [http-nio-8083-exec-4] ..v2.resourcepool.BasicResourcePool       :1801 - trace com.mchange.v2.resourcepool.BasicResourcePool@749f8d9d [managed: 2, unused: 1, excluded: 0] (e.g. com.mchange.v2.c3p0.impl.NewPooledConnection@1759ef32)
2017-09-06 15:37:52,667 [DEBUG] [http-nio-8083-exec-4] ..v2.async.ThreadPoolAsynchronousRunner   :236 - com.mchange.v2.async.ThreadPoolAsynchronousRunner@42b4411: Adding task to queue -- com.mchange.v2.resourcepool.BasicResourcePool$1RefurbishCheckinResourceTask@5aeb680
2017-09-06 15:37:52,667 [DEBUG] [http-nio-8083-exec-4] ..v2.resourcepool.BasicResourcePool       :1801 - trace com.mchange.v2.resourcepool.BasicResourcePool@749f8d9d [managed: 2, unused: 1, excluded: 0] (e.g. com.mchange.v2.c3p0.impl.NewPooledConnection@1759ef32)
2017-09-06 15:37:52,668 [TRACE] [http-nio-8083-exec-4] ..atakancoban.bean.HelloBean              :41 - Bu bir TRACE mesajý 
2017-09-06 15:37:52,668 [DEBUG] [http-nio-8083-exec-4] ..atakancoban.bean.HelloBean              :42 - Bu bir DEBUG mesajý 
2017-09-06 15:37:52,668 [INFO ] [http-nio-8083-exec-4] ..atakancoban.bean.HelloBean              :43 - Bu bir INFO mesajý 
2017-09-06 15:37:52,669 [WARN ] [http-nio-8083-exec-4] ..atakancoban.bean.HelloBean              :44 - Bu bir WARN mesajý 
2017-09-06 15:37:52,669 [ERROR] [http-nio-8083-exec-4] ..atakancoban.bean.HelloBean              :45 - Bu bir ERROR mesajý 
2017-09-06 15:37:52,669 [FATAL] [http-nio-8083-exec-4] ..atakancoban.bean.HelloBean              :46 - Bu bir FATAL mesajý 
2017-09-06 15:38:01,757 [DEBUG] [C3P0PooledConnectionPoolManager[identityToken->1br8czi9qo6z727uksgv4|10d8c33e]-AdminTaskTimer] ..v2.async.ThreadPoolAsynchronousRunner   :778 - com.mchange.v2.async.ThreadPoolAsynchronousRunner$DeadlockDetector@2cc56089 -- Running DeadlockDetector[Exiting. No pending tasks.]
2017-09-06 15:38:11,757 [DEBUG] [C3P0PooledConnectionPoolManager[identityToken->1br8czi9qo6z727uksgv4|10d8c33e]-AdminTaskTimer] ..v2.async.ThreadPoolAsynchronousRunner   :778 - com.mchange.v2.async.ThreadPoolAsynchronousRunner$DeadlockDetector@2cc56089 -- Running DeadlockDetector[Exiting. No pending tasks.]
2017-09-06 15:38:21,757 [DEBUG] [C3P0PooledConnectionPoolManager[identityToken->1br8czi9qo6z727uksgv4|10d8c33e]-AdminTaskTimer] ..v2.async.ThreadPoolAsynchronousRunner   :778 - com.mchange.v2.async.ThreadPoolAsynchronousRunner$DeadlockDetector@2cc56089 -- Running DeadlockDetector[Exiting. No pending tasks.]
2017-09-06 15:38:31,757 [DEBUG] [C3P0PooledConnectionPoolManager[identityToken->1br8czi9qo6z727uksgv4|10d8c33e]-AdminTaskTimer] ..v2.async.ThreadPoolAsynchronousRunner   :778 - com.mchange.v2.async.ThreadPoolAsynchronousRunner$DeadlockDetector@2cc56089 -- Running DeadlockDetector[Exiting. No pending tasks.]
2017-09-06 15:38:41,757 [DEBUG] [C3P0PooledConnectionPoolManager[identityToken->1br8czi9qo6z727uksgv4|10d8c33e]-AdminTaskTimer] ..v2.async.ThreadPoolAsynchronousRunner   :778 - com.mchange.v2.async.ThreadPoolAsynchronousRunner$DeadlockDetector@2cc56089 -- Running DeadlockDetector[Exiting. No pending tasks.]
2017-09-06 15:38:51,757 [DEBUG] [C3P0PooledConnectionPoolManager[identityToken->1br8czi9qo6z727uksgv4|10d8c33e]-AdminTaskTimer] ..v2.async.ThreadPoolAsynchronousRunner   :778 - com.mchange.v2.async.ThreadPoolAsynchronousRunner$DeadlockDetector@2cc56089 -- Running DeadlockDetector[Exiting. No pending tasks.]
2017-09-06 15:39:01,757 [DEBUG] [C3P0PooledConnectionPoolManager[identityToken->1br8czi9qo6z727uksgv4|10d8c33e]-AdminTaskTimer] ..v2.async.ThreadPoolAsynchronousRunner   :778 - com.mchange.v2.async.ThreadPoolAsynchronousRunner$DeadlockDetector@2cc56089 -- Running DeadlockDetector[Exiting. No pending tasks.]
2017-09-06 15:39:11,759 [DEBUG] [C3P0PooledConnectionPoolManager[identityToken->1br8czi9qo6z727uksgv4|10d8c33e]-AdminTaskTimer] ..v2.async.ThreadPoolAsynchronousRunner   :778 - com.mchange.v2.async.ThreadPoolAsynchronousRunner$DeadlockDetector@2cc56089 -- Running DeadlockDetector[Exiting. No pending tasks.]
2017-09-06 15:39:34,759 [DEBUG] [C3P0PooledConnectionPoolManager[identityToken->1br8czi9qo71eir2fx6m7|4c731657]-AdminTaskTimer] ..v2.async.ThreadPoolAsynchronousRunner   :778 - com.mchange.v2.async.ThreadPoolAsynchronousRunner$DeadlockDetector@661fc212 -- Running DeadlockDetector[Exiting. No pending tasks.]
2017-09-06 15:39:38,564 [DEBUG] [http-nio-8083-exec-5] ..v2.resourcepool.BasicResourcePool       :1801 - trace com.mchange.v2.resourcepool.BasicResourcePool@7cbabb4e [managed: 2, unused: 1, excluded: 0] (e.g. com.mchange.v2.c3p0.impl.NewPooledConnection@6d256e91)
2017-09-06 15:39:38,578 [DEBUG] [http-nio-8083-exec-5] ..v2.async.ThreadPoolAsynchronousRunner   :236 - com.mchange.v2.async.ThreadPoolAsynchronousRunner@523b7dd4: Adding task to queue -- com.mchange.v2.resourcepool.BasicResourcePool$1RefurbishCheckinResourceTask@6ab3cdc6
2017-09-06 15:39:38,578 [DEBUG] [http-nio-8083-exec-5] ..v2.resourcepool.BasicResourcePool       :1801 - trace com.mchange.v2.resourcepool.BasicResourcePool@7cbabb4e [managed: 2, unused: 1, excluded: 0] (e.g. com.mchange.v2.c3p0.impl.NewPooledConnection@6d256e91)
2017-09-06 15:39:38,582 [DEBUG] [http-nio-8083-exec-5] ..v2.resourcepool.BasicResourcePool       :1801 - trace com.mchange.v2.resourcepool.BasicResourcePool@7cbabb4e [managed: 2, unused: 1, excluded: 0] (e.g. com.mchange.v2.c3p0.impl.NewPooledConnection@6d256e91)
2017-09-06 15:39:38,806 [DEBUG] [http-nio-8083-exec-5] ..v2.async.ThreadPoolAsynchronousRunner   :236 - com.mchange.v2.async.ThreadPoolAsynchronousRunner@523b7dd4: Adding task to queue -- com.mchange.v2.resourcepool.BasicResourcePool$1RefurbishCheckinResourceTask@39899563
2017-09-06 15:39:38,806 [DEBUG] [http-nio-8083-exec-5] ..v2.resourcepool.BasicResourcePool       :1801 - trace com.mchange.v2.resourcepool.BasicResourcePool@7cbabb4e [managed: 2, unused: 1, excluded: 0] (e.g. com.mchange.v2.c3p0.impl.NewPooledConnection@6d256e91)
2017-09-06 15:39:38,806 [TRACE] [http-nio-8083-exec-5] ..atakancoban.bean.HelloBean              :41 - Bu bir TRACE mesajý 
2017-09-06 15:39:38,807 [DEBUG] [http-nio-8083-exec-5] ..atakancoban.bean.HelloBean              :42 - Bu bir DEBUG mesajý 
2017-09-06 15:39:38,807 [INFO ] [http-nio-8083-exec-5] ..atakancoban.bean.HelloBean              :43 - Bu bir INFO mesajý 
2017-09-06 15:39:38,807 [WARN ] [http-nio-8083-exec-5] ..atakancoban.bean.HelloBean              :44 - Bu bir WARN mesajý 
2017-09-06 15:39:38,807 [ERROR] [http-nio-8083-exec-5] ..atakancoban.bean.HelloBean              :45 - Bu bir ERROR mesajý 
2017-09-06 15:39:38,807 [FATAL] [http-nio-8083-exec-5] ..atakancoban.bean.HelloBean              :46 - Bu bir FATAL mesajý 
2017-09-06 15:39:44,762 [DEBUG] [C3P0PooledConnectionPoolManager[identityToken->1br8czi9qo71eir2fx6m7|4c731657]-AdminTaskTimer] ..v2.async.ThreadPoolAsynchronousRunner   :778 - com.mchange.v2.async.ThreadPoolAsynchronousRunner$DeadlockDetector@661fc212 -- Running DeadlockDetector[Exiting. No pending tasks.]
2017-09-06 15:39:54,765 [DEBUG] [C3P0PooledConnectionPoolManager[identityToken->1br8czi9qo71eir2fx6m7|4c731657]-AdminTaskTimer] ..v2.async.ThreadPoolAsynchronousRunner   :778 - com.mchange.v2.async.ThreadPoolAsynchronousRunner$DeadlockDetector@661fc212 -- Running DeadlockDetector[Exiting. No pending tasks.]
2017-09-06 15:40:04,768 [DEBUG] [C3P0PooledConnectionPoolManager[identityToken->1br8czi9qo71eir2fx6m7|4c731657]-AdminTaskTimer] ..v2.async.ThreadPoolAsynchronousRunner   :778 - com.mchange.v2.async.ThreadPoolAsynchronousRunner$DeadlockDetector@661fc212 -- Running DeadlockDetector[Exiting. No pending tasks.]
2017-09-06 15:40:14,771 [DEBUG] [C3P0PooledConnectionPoolManager[identityToken->1br8czi9qo71eir2fx6m7|4c731657]-AdminTaskTimer] ..v2.async.ThreadPoolAsynchronousRunner   :778 - com.mchange.v2.async.ThreadPoolAsynchronousRunner$DeadlockDetector@661fc212 -- Running DeadlockDetector[Exiting. No pending tasks.]
2017-09-06 15:40:24,774 [DEBUG] [C3P0PooledConnectionPoolManager[identityToken->1br8czi9qo71eir2fx6m7|4c731657]-AdminTaskTimer] ..v2.async.ThreadPoolAsynchronousRunner   :778 - com.mchange.v2.async.ThreadPoolAsynchronousRunner$DeadlockDetector@661fc212 -- Running DeadlockDetector[Exiting. No pending tasks.]
2017-09-06 15:40:34,777 [DEBUG] [C3P0PooledConnectionPoolManager[identityToken->1br8czi9qo71eir2fx6m7|4c731657]-AdminTaskTimer] ..v2.async.ThreadPoolAsynchronousRunner   :778 - com.mchange.v2.async.ThreadPoolAsynchronousRunner$DeadlockDetector@661fc212 -- Running DeadlockDetector[Exiting. No pending tasks.]
2017-09-06 15:40:44,780 [DEBUG] [C3P0PooledConnectionPoolManager[identityToken->1br8czi9qo71eir2fx6m7|4c731657]-AdminTaskTimer] ..v2.async.ThreadPoolAsynchronousRunner   :778 - com.mchange.v2.async.ThreadPoolAsynchronousRunner$DeadlockDetector@661fc212 -- Running DeadlockDetector[Exiting. No pending tasks.]
2017-09-06 15:41:02,651 [DEBUG] [C3P0PooledConnectionPoolManager[identityToken->1br8czi9qo73acju6675g|26ce6c68]-AdminTaskTimer] ..v2.async.ThreadPoolAsynchronousRunner   :778 - com.mchange.v2.async.ThreadPoolAsynchronousRunner$DeadlockDetector@7453609 -- Running DeadlockDetector[Exiting. No pending tasks.]
2017-09-06 15:41:12,654 [DEBUG] [C3P0PooledConnectionPoolManager[identityToken->1br8czi9qo73acju6675g|26ce6c68]-AdminTaskTimer] ..v2.async.ThreadPoolAsynchronousRunner   :778 - com.mchange.v2.async.ThreadPoolAsynchronousRunner$DeadlockDetector@7453609 -- Running DeadlockDetector[Exiting. No pending tasks.]
2017-09-06 15:41:22,657 [DEBUG] [C3P0PooledConnectionPoolManager[identityToken->1br8czi9qo73acju6675g|26ce6c68]-AdminTaskTimer] ..v2.async.ThreadPoolAsynchronousRunner   :778 - com.mchange.v2.async.ThreadPoolAsynchronousRunner$DeadlockDetector@7453609 -- Running DeadlockDetector[Exiting. No pending tasks.]
2017-09-06 15:41:32,660 [DEBUG] [C3P0PooledConnectionPoolManager[identityToken->1br8czi9qo73acju6675g|26ce6c68]-AdminTaskTimer] ..v2.async.ThreadPoolAsynchronousRunner   :778 - com.mchange.v2.async.ThreadPoolAsynchronousRunner$DeadlockDetector@7453609 -- Running DeadlockDetector[Exiting. No pending tasks.]
2017-09-06 15:41:42,663 [DEBUG] [C3P0PooledConnectionPoolManager[identityToken->1br8czi9qo73acju6675g|26ce6c68]-AdminTaskTimer] ..v2.async.ThreadPoolAsynchronousRunner   :778 - com.mchange.v2.async.ThreadPoolAsynchronousRunner$DeadlockDetector@7453609 -- Running DeadlockDetector[Exiting. No pending tasks.]
2017-09-06 15:42:02,695 [DEBUG] [C3P0PooledConnectionPoolManager[identityToken->1br8czi9qo74kogx0jeby|10d8c33e]-AdminTaskTimer] ..v2.async.ThreadPoolAsynchronousRunner   :778 - com.mchange.v2.async.ThreadPoolAsynchronousRunner$DeadlockDetector@45e039ce -- Running DeadlockDetector[Exiting. No pending tasks.]
2017-09-06 15:42:12,698 [DEBUG] [C3P0PooledConnectionPoolManager[identityToken->1br8czi9qo74kogx0jeby|10d8c33e]-AdminTaskTimer] ..v2.async.ThreadPoolAsynchronousRunner   :778 - com.mchange.v2.async.ThreadPoolAsynchronousRunner$DeadlockDetector@45e039ce -- Running DeadlockDetector[Exiting. No pending tasks.]
2017-09-06 15:42:14,109 [DEBUG] [http-nio-8083-exec-8] ..v2.resourcepool.BasicResourcePool       :1801 - trace com.mchange.v2.resourcepool.BasicResourcePool@749f8d9d [managed: 2, unused: 1, excluded: 0] (e.g. com.mchange.v2.c3p0.impl.NewPooledConnection@784db4e1)
2017-09-06 15:42:14,121 [DEBUG] [http-nio-8083-exec-8] ..v2.async.ThreadPoolAsynchronousRunner   :236 - com.mchange.v2.async.ThreadPoolAsynchronousRunner@42b4411: Adding task to queue -- com.mchange.v2.resourcepool.BasicResourcePool$1RefurbishCheckinResourceTask@4fe0881f
2017-09-06 15:42:14,121 [DEBUG] [http-nio-8083-exec-8] ..v2.resourcepool.BasicResourcePool       :1801 - trace com.mchange.v2.resourcepool.BasicResourcePool@749f8d9d [managed: 2, unused: 1, excluded: 0] (e.g. com.mchange.v2.c3p0.impl.NewPooledConnection@784db4e1)
2017-09-06 15:42:14,125 [DEBUG] [http-nio-8083-exec-8] ..v2.resourcepool.BasicResourcePool       :1801 - trace com.mchange.v2.resourcepool.BasicResourcePool@749f8d9d [managed: 2, unused: 1, excluded: 0] (e.g. com.mchange.v2.c3p0.impl.NewPooledConnection@784db4e1)
2017-09-06 15:42:14,311 [DEBUG] [http-nio-8083-exec-8] ..v2.async.ThreadPoolAsynchronousRunner   :236 - com.mchange.v2.async.ThreadPoolAsynchronousRunner@42b4411: Adding task to queue -- com.mchange.v2.resourcepool.BasicResourcePool$1RefurbishCheckinResourceTask@4994937d
2017-09-06 15:42:14,311 [DEBUG] [http-nio-8083-exec-8] ..v2.resourcepool.BasicResourcePool       :1801 - trace com.mchange.v2.resourcepool.BasicResourcePool@749f8d9d [managed: 2, unused: 1, excluded: 0] (e.g. com.mchange.v2.c3p0.impl.NewPooledConnection@784db4e1)
2017-09-06 15:42:14,311 [TRACE] [http-nio-8083-exec-8] ..atakancoban.bean.HelloBean              :41 - Bu bir TRACE mesajý 
2017-09-06 15:42:14,314 [DEBUG] [http-nio-8083-exec-8] ..atakancoban.bean.HelloBean              :42 - Bu bir DEBUG mesajý 
2017-09-06 15:42:14,315 [INFO ] [http-nio-8083-exec-8] ..atakancoban.bean.HelloBean              :43 - Bu bir INFO mesajý 
2017-09-06 15:42:14,315 [WARN ] [http-nio-8083-exec-8] ..atakancoban.bean.HelloBean              :44 - Bu bir WARN mesajý 
2017-09-06 15:42:14,315 [ERROR] [http-nio-8083-exec-8] ..atakancoban.bean.HelloBean              :45 - Bu bir ERROR mesajý 
2017-09-06 15:42:14,315 [FATAL] [http-nio-8083-exec-8] ..atakancoban.bean.HelloBean              :46 - Bu bir FATAL mesajý 
2017-09-06 15:42:22,701 [DEBUG] [C3P0PooledConnectionPoolManager[identityToken->1br8czi9qo74kogx0jeby|10d8c33e]-AdminTaskTimer] ..v2.async.ThreadPoolAsynchronousRunner   :778 - com.mchange.v2.async.ThreadPoolAsynchronousRunner$DeadlockDetector@45e039ce -- Running DeadlockDetector[Exiting. No pending tasks.]
2017-09-06 15:42:32,704 [DEBUG] [C3P0PooledConnectionPoolManager[identityToken->1br8czi9qo74kogx0jeby|10d8c33e]-AdminTaskTimer] ..v2.async.ThreadPoolAsynchronousRunner   :778 - com.mchange.v2.async.ThreadPoolAsynchronousRunner$DeadlockDetector@45e039ce -- Running DeadlockDetector[Exiting. No pending tasks.]
2017-09-06 15:42:42,707 [DEBUG] [C3P0PooledConnectionPoolManager[identityToken->1br8czi9qo74kogx0jeby|10d8c33e]-AdminTaskTimer] ..v2.async.ThreadPoolAsynchronousRunner   :778 - com.mchange.v2.async.ThreadPoolAsynchronousRunner$DeadlockDetector@45e039ce -- Running DeadlockDetector[Exiting. No pending tasks.]
2017-09-06 15:42:52,710 [DEBUG] [C3P0PooledConnectionPoolManager[identityToken->1br8czi9qo74kogx0jeby|10d8c33e]-AdminTaskTimer] ..v2.async.ThreadPoolAsynchronousRunner   :778 - com.mchange.v2.async.ThreadPoolAsynchronousRunner$DeadlockDetector@45e039ce -- Running DeadlockDetector[Exiting. No pending tasks.]
2017-09-06 15:43:02,713 [DEBUG] [C3P0PooledConnectionPoolManager[identityToken->1br8czi9qo74kogx0jeby|10d8c33e]-AdminTaskTimer] ..v2.async.ThreadPoolAsynchronousRunner   :778 - com.mchange.v2.async.ThreadPoolAsynchronousRunner$DeadlockDetector@45e039ce -- Running DeadlockDetector[Exiting. No pending tasks.]
2017-09-06 15:43:12,716 [DEBUG] [C3P0PooledConnectionPoolManager[identityToken->1br8czi9qo74kogx0jeby|10d8c33e]-AdminTaskTimer] ..v2.async.ThreadPoolAsynchronousRunner   :778 - com.mchange.v2.async.ThreadPoolAsynchronousRunner$DeadlockDetector@45e039ce -- Running DeadlockDetector[Exiting. No pending tasks.]
2017-09-06 15:43:22,719 [DEBUG] [C3P0PooledConnectionPoolManager[identityToken->1br8czi9qo74kogx0jeby|10d8c33e]-AdminTaskTimer] ..v2.async.ThreadPoolAsynchronousRunner   :778 - com.mchange.v2.async.ThreadPoolAsynchronousRunner$DeadlockDetector@45e039ce -- Running DeadlockDetector[Exiting. No pending tasks.]
2017-09-06 15:43:32,722 [DEBUG] [C3P0PooledConnectionPoolManager[identityToken->1br8czi9qo74kogx0jeby|10d8c33e]-AdminTaskTimer] ..v2.async.ThreadPoolAsynchronousRunner   :778 - com.mchange.v2.async.ThreadPoolAsynchronousRunner$DeadlockDetector@45e039ce -- Running DeadlockDetector[Exiting. No pending tasks.]
2017-09-06 15:43:42,725 [DEBUG] [C3P0PooledConnectionPoolManager[identityToken->1br8czi9qo74kogx0jeby|10d8c33e]-AdminTaskTimer] ..v2.async.ThreadPoolAsynchronousRunner   :778 - com.mchange.v2.async.ThreadPoolAsynchronousRunner$DeadlockDetector@45e039ce -- Running DeadlockDetector[Exiting. No pending tasks.]
2017-09-06 15:43:52,728 [DEBUG] [C3P0PooledConnectionPoolManager[identityToken->1br8czi9qo74kogx0jeby|10d8c33e]-AdminTaskTimer] ..v2.async.ThreadPoolAsynchronousRunner   :778 - com.mchange.v2.async.ThreadPoolAsynchronousRunner$DeadlockDetector@45e039ce -- Running DeadlockDetector[Exiting. No pending tasks.]
2017-09-06 15:44:19,100 [TRACE] [http-nio-8083-exec-4] ..hibernate.internal.SessionFactoryImpl$SessionBuilderImpl:1208 - Opening Hibernate Session.  tenant=null, owner=null
2017-09-06 15:44:19,100 [TRACE] [http-nio-8083-exec-4] ..hibernate.internal.SessionFactoryImpl$SessionBuilderImpl:1208 - Opening Hibernate Session.  tenant=null, owner=null
2017-09-06 15:44:19,159 [TRACE] [http-nio-8083-exec-4] ..service.internal.AbstractServiceRegistryImpl:229 - Initializing service [role=org.hibernate.resource.transaction.spi.TransactionCoordinatorBuilder]
2017-09-06 15:44:19,159 [TRACE] [http-nio-8083-exec-4] ..service.internal.AbstractServiceRegistryImpl:229 - Initializing service [role=org.hibernate.resource.transaction.spi.TransactionCoordinatorBuilder]
2017-09-06 15:44:19,208 [TRACE] [http-nio-8083-exec-4] ..service.internal.AbstractServiceRegistryImpl:229 - Initializing service [role=org.hibernate.stat.spi.StatisticsImplementor]
2017-09-06 15:44:19,208 [TRACE] [http-nio-8083-exec-4] ..service.internal.AbstractServiceRegistryImpl:229 - Initializing service [role=org.hibernate.stat.spi.StatisticsImplementor]
2017-09-06 15:44:19,214 [DEBUG] [http-nio-8083-exec-4] ..stat.internal.StatisticsInitiator       :82 - Statistics initialized [enabled=false]
2017-09-06 15:44:19,214 [DEBUG] [http-nio-8083-exec-4] ..stat.internal.StatisticsInitiator       :82 - Statistics initialized [enabled=false]
2017-09-06 15:44:19,224 [TRACE] [http-nio-8083-exec-4] ..hibernate.internal.SessionImpl          :284 - Opened Session [0520f994-8a77-44bf-874c-02c0cf574387] at timestamp: 15047018591
2017-09-06 15:44:19,224 [TRACE] [http-nio-8083-exec-4] ..hibernate.internal.SessionImpl          :284 - Opened Session [0520f994-8a77-44bf-874c-02c0cf574387] at timestamp: 15047018591
2017-09-06 15:44:19,232 [DEBUG] [http-nio-8083-exec-4] ..transaction.internal.TransactionImpl    :55 - begin
2017-09-06 15:44:19,232 [DEBUG] [http-nio-8083-exec-4] ..transaction.internal.TransactionImpl    :55 - begin
2017-09-06 15:44:19,232 [TRACE] [http-nio-8083-exec-4] ..jdbc.internal.AbstractLogicalConnectionImplementor:66 - Preparing to begin transaction via JDBC Connection.setAutoCommit(false)
2017-09-06 15:44:19,232 [TRACE] [http-nio-8083-exec-4] ..jdbc.internal.AbstractLogicalConnectionImplementor:66 - Preparing to begin transaction via JDBC Connection.setAutoCommit(false)
2017-09-06 15:44:19,232 [TRACE] [http-nio-8083-exec-4] ..jdbc.internal.AbstractLogicalConnectionImplementor:68 - Transaction begun via JDBC Connection.setAutoCommit(false)
2017-09-06 15:44:19,232 [TRACE] [http-nio-8083-exec-4] ..jdbc.internal.AbstractLogicalConnectionImplementor:68 - Transaction begun via JDBC Connection.setAutoCommit(false)
2017-09-06 15:44:19,234 [TRACE] [http-nio-8083-exec-4] ..jdbc.internal.JdbcResourceLocalTransactionCoordinatorImpl:140 - ResourceLocalTransactionCoordinatorImpl#afterBeginCallback
2017-09-06 15:44:19,234 [TRACE] [http-nio-8083-exec-4] ..jdbc.internal.JdbcResourceLocalTransactionCoordinatorImpl:140 - ResourceLocalTransactionCoordinatorImpl#afterBeginCallback
2017-09-06 15:44:19,237 [DEBUG] [http-nio-8083-exec-4] ..transaction.internal.TransactionImpl    :66 - committing
2017-09-06 15:44:19,237 [DEBUG] [http-nio-8083-exec-4] ..transaction.internal.TransactionImpl    :66 - committing
2017-09-06 15:44:19,237 [TRACE] [http-nio-8083-exec-4] ..jdbc.internal.JdbcResourceLocalTransactionCoordinatorImpl:144 - ResourceLocalTransactionCoordinatorImpl#beforeCompletionCallback
2017-09-06 15:44:19,237 [TRACE] [http-nio-8083-exec-4] ..jdbc.internal.JdbcResourceLocalTransactionCoordinatorImpl:144 - ResourceLocalTransactionCoordinatorImpl#beforeCompletionCallback
2017-09-06 15:44:19,238 [TRACE] [http-nio-8083-exec-4] ..hibernate.internal.SessionImpl          :2410 - SessionImpl#beforeTransactionCompletion()
2017-09-06 15:44:19,238 [TRACE] [http-nio-8083-exec-4] ..hibernate.internal.SessionImpl          :2410 - SessionImpl#beforeTransactionCompletion()
2017-09-06 15:44:19,238 [TRACE] [http-nio-8083-exec-4] ..transaction.internal.SynchronizationRegistryStandardImpl:55 - SynchronizationRegistryStandardImpl.notifySynchronizationsBeforeTransactionCompletion
2017-09-06 15:44:19,238 [TRACE] [http-nio-8083-exec-4] ..transaction.internal.SynchronizationRegistryStandardImpl:55 - SynchronizationRegistryStandardImpl.notifySynchronizationsBeforeTransactionCompletion
2017-09-06 15:44:19,238 [TRACE] [http-nio-8083-exec-4] ..jdbc.internal.AbstractLogicalConnectionImplementor:80 - Preparing to commit transaction via JDBC Connection.commit()
2017-09-06 15:44:19,238 [TRACE] [http-nio-8083-exec-4] ..jdbc.internal.AbstractLogicalConnectionImplementor:80 - Preparing to commit transaction via JDBC Connection.commit()
2017-09-06 15:44:19,240 [TRACE] [http-nio-8083-exec-4] ..jdbc.internal.AbstractLogicalConnectionImplementor:83 - Transaction committed via JDBC Connection.commit()
2017-09-06 15:44:19,240 [TRACE] [http-nio-8083-exec-4] ..jdbc.internal.AbstractLogicalConnectionImplementor:83 - Transaction committed via JDBC Connection.commit()
2017-09-06 15:44:19,241 [TRACE] [http-nio-8083-exec-4] ..jdbc.internal.AbstractLogicalConnectionImplementor:53 - LogicalConnection#afterTransaction
2017-09-06 15:44:19,241 [TRACE] [http-nio-8083-exec-4] ..jdbc.internal.AbstractLogicalConnectionImplementor:53 - LogicalConnection#afterTransaction
2017-09-06 15:44:19,242 [TRACE] [http-nio-8083-exec-4] ..jdbc.internal.ResourceRegistryStandardImpl:286 - Releasing JDBC resources
2017-09-06 15:44:19,242 [TRACE] [http-nio-8083-exec-4] ..jdbc.internal.ResourceRegistryStandardImpl:286 - Releasing JDBC resources
2017-09-06 15:44:19,242 [TRACE] [http-nio-8083-exec-4] ..jdbc.internal.JdbcResourceLocalTransactionCoordinatorImpl:162 - ResourceLocalTransactionCoordinatorImpl#afterCompletionCallback(true)
2017-09-06 15:44:19,242 [TRACE] [http-nio-8083-exec-4] ..jdbc.internal.JdbcResourceLocalTransactionCoordinatorImpl:162 - ResourceLocalTransactionCoordinatorImpl#afterCompletionCallback(true)
2017-09-06 15:44:19,242 [TRACE] [http-nio-8083-exec-4] ..transaction.internal.SynchronizationRegistryStandardImpl:159 - SynchronizationRegistryStandardImpl.notifySynchronizationsAfterTransactionCompletion(3)
2017-09-06 15:44:19,242 [TRACE] [http-nio-8083-exec-4] ..transaction.internal.SynchronizationRegistryStandardImpl:159 - SynchronizationRegistryStandardImpl.notifySynchronizationsAfterTransactionCompletion(3)
2017-09-06 15:44:19,243 [TRACE] [http-nio-8083-exec-4] ..hibernate.internal.SessionImpl          :2423 - SessionImpl#afterTransactionCompletion(successful=true, delayed=false)
2017-09-06 15:44:19,243 [TRACE] [http-nio-8083-exec-4] ..hibernate.internal.SessionImpl          :2423 - SessionImpl#afterTransactionCompletion(successful=true, delayed=false)
2017-09-06 15:44:19,243 [TRACE] [http-nio-8083-exec-4] ..hibernate.internal.SessionImpl          :404 - Closing session [0520f994-8a77-44bf-874c-02c0cf574387]
2017-09-06 15:44:19,243 [TRACE] [http-nio-8083-exec-4] ..hibernate.internal.SessionImpl          :404 - Closing session [0520f994-8a77-44bf-874c-02c0cf574387]
2017-09-06 15:44:19,244 [TRACE] [http-nio-8083-exec-4] ..jdbc.internal.JdbcCoordinatorImpl       :173 - Closing JDBC container [org.hibernate.engine.jdbc.internal.JdbcCoordinatorImpl@46bd3a01]
2017-09-06 15:44:19,244 [TRACE] [http-nio-8083-exec-4] ..jdbc.internal.JdbcCoordinatorImpl       :173 - Closing JDBC container [org.hibernate.engine.jdbc.internal.JdbcCoordinatorImpl@46bd3a01]
2017-09-06 15:44:19,244 [TRACE] [http-nio-8083-exec-4] ..jdbc.internal.ResourceRegistryStandardImpl:286 - Releasing JDBC resources
2017-09-06 15:44:19,244 [TRACE] [http-nio-8083-exec-4] ..jdbc.internal.ResourceRegistryStandardImpl:286 - Releasing JDBC resources
2017-09-06 15:44:19,244 [TRACE] [http-nio-8083-exec-4] ..jdbc.internal.LogicalConnectionManagedImpl:246 - Closing logical connection
2017-09-06 15:44:19,244 [TRACE] [http-nio-8083-exec-4] ..jdbc.internal.LogicalConnectionManagedImpl:246 - Closing logical connection
2017-09-06 15:44:19,245 [TRACE] [http-nio-8083-exec-4] ..jdbc.internal.ResourceRegistryStandardImpl:286 - Releasing JDBC resources
2017-09-06 15:44:19,245 [TRACE] [http-nio-8083-exec-4] ..jdbc.internal.ResourceRegistryStandardImpl:286 - Releasing JDBC resources
2017-09-06 15:44:19,245 [TRACE] [http-nio-8083-exec-4] ..jdbc.internal.LogicalConnectionManagedImpl:253 - Logical connection closed
2017-09-06 15:44:19,245 [TRACE] [http-nio-8083-exec-4] ..jdbc.internal.LogicalConnectionManagedImpl:253 - Logical connection closed
2017-09-06 15:44:19,249 [TRACE] [http-nio-8083-exec-4] ..hibernate.internal.SessionFactoryImpl$SessionBuilderImpl:1208 - Opening Hibernate Session.  tenant=null, owner=null
2017-09-06 15:44:19,249 [TRACE] [http-nio-8083-exec-4] ..hibernate.internal.SessionFactoryImpl$SessionBuilderImpl:1208 - Opening Hibernate Session.  tenant=null, owner=null
2017-09-06 15:44:19,249 [TRACE] [http-nio-8083-exec-4] ..hibernate.internal.SessionImpl          :284 - Opened Session [20cba9e7-eee2-401f-8835-5e9708770010] at timestamp: 15047018592
2017-09-06 15:44:19,249 [TRACE] [http-nio-8083-exec-4] ..hibernate.internal.SessionImpl          :284 - Opened Session [20cba9e7-eee2-401f-8835-5e9708770010] at timestamp: 15047018592
2017-09-06 15:44:19,249 [DEBUG] [http-nio-8083-exec-4] ..transaction.internal.TransactionImpl    :55 - begin
2017-09-06 15:44:19,249 [DEBUG] [http-nio-8083-exec-4] ..transaction.internal.TransactionImpl    :55 - begin
2017-09-06 15:44:19,249 [TRACE] [http-nio-8083-exec-4] ..jdbc.internal.AbstractLogicalConnectionImplementor:66 - Preparing to begin transaction via JDBC Connection.setAutoCommit(false)
2017-09-06 15:44:19,249 [TRACE] [http-nio-8083-exec-4] ..jdbc.internal.AbstractLogicalConnectionImplementor:66 - Preparing to begin transaction via JDBC Connection.setAutoCommit(false)
2017-09-06 15:44:19,250 [TRACE] [http-nio-8083-exec-4] ..jdbc.internal.AbstractLogicalConnectionImplementor:68 - Transaction begun via JDBC Connection.setAutoCommit(false)
2017-09-06 15:44:19,250 [TRACE] [http-nio-8083-exec-4] ..jdbc.internal.AbstractLogicalConnectionImplementor:68 - Transaction begun via JDBC Connection.setAutoCommit(false)
2017-09-06 15:44:19,250 [TRACE] [http-nio-8083-exec-4] ..jdbc.internal.JdbcResourceLocalTransactionCoordinatorImpl:140 - ResourceLocalTransactionCoordinatorImpl#afterBeginCallback
2017-09-06 15:44:19,250 [TRACE] [http-nio-8083-exec-4] ..jdbc.internal.JdbcResourceLocalTransactionCoordinatorImpl:140 - ResourceLocalTransactionCoordinatorImpl#afterBeginCallback
2017-09-06 15:44:19,280 [TRACE] [http-nio-8083-exec-4] ..query.spi.QueryPlanCache                :212 - Unable to locate native-sql query plan in cache; generating (select to_char(sysdate,'dd.mm.yyyy hh24:mi:ss') zmn from dual)
2017-09-06 15:44:19,280 [TRACE] [http-nio-8083-exec-4] ..query.spi.QueryPlanCache                :212 - Unable to locate native-sql query plan in cache; generating (select to_char(sysdate,'dd.mm.yyyy hh24:mi:ss') zmn from dual)
2017-09-06 15:44:19,282 [TRACE] [http-nio-8083-exec-4] ..custom.sql.SQLCustomQuery               :69 - Starting processing of sql query [select to_char(sysdate,'dd.mm.yyyy hh24:mi:ss') zmn from dual]
2017-09-06 15:44:19,282 [TRACE] [http-nio-8083-exec-4] ..custom.sql.SQLCustomQuery               :69 - Starting processing of sql query [select to_char(sysdate,'dd.mm.yyyy hh24:mi:ss') zmn from dual]
2017-09-06 15:44:19,294 [TRACE] [http-nio-8083-exec-4] ..hibernate.internal.SessionImpl          :2150 - SQL query: select to_char(sysdate,'dd.mm.yyyy hh24:mi:ss') zmn from dual
2017-09-06 15:44:19,294 [TRACE] [http-nio-8083-exec-4] ..hibernate.internal.SessionImpl          :2150 - SQL query: select to_char(sysdate,'dd.mm.yyyy hh24:mi:ss') zmn from dual
2017-09-06 15:44:19,315 [DEBUG] [http-nio-8083-exec-4] ..org.hibernate.SQL                       :92 - select to_char(sysdate,'dd.mm.yyyy hh24:mi:ss') zmn from dual
2017-09-06 15:44:19,315 [DEBUG] [http-nio-8083-exec-4] ..org.hibernate.SQL                       :92 - select to_char(sysdate,'dd.mm.yyyy hh24:mi:ss') zmn from dual
2017-09-06 15:44:19,408 [TRACE] [http-nio-8083-exec-4] ..jdbc.internal.ResourceRegistryStandardImpl:55 - Registering statement [com.mchange.v2.c3p0.impl.NewProxyPreparedStatement@682c43cd [wrapping: oracle.jdbc.driver.OraclePreparedStatementWrapper@646928bd]]
2017-09-06 15:44:19,408 [TRACE] [http-nio-8083-exec-4] ..jdbc.internal.ResourceRegistryStandardImpl:55 - Registering statement [com.mchange.v2.c3p0.impl.NewProxyPreparedStatement@682c43cd [wrapping: oracle.jdbc.driver.OraclePreparedStatementWrapper@646928bd]]
2017-09-06 15:44:19,410 [TRACE] [http-nio-8083-exec-4] ..jdbc.internal.JdbcCoordinatorImpl       :333 - Registering last query statement [com.mchange.v2.c3p0.impl.NewProxyPreparedStatement@682c43cd [wrapping: oracle.jdbc.driver.OraclePreparedStatementWrapper@646928bd]]
2017-09-06 15:44:19,410 [TRACE] [http-nio-8083-exec-4] ..jdbc.internal.JdbcCoordinatorImpl       :333 - Registering last query statement [com.mchange.v2.c3p0.impl.NewProxyPreparedStatement@682c43cd [wrapping: oracle.jdbc.driver.OraclePreparedStatementWrapper@646928bd]]
2017-09-06 15:44:19,413 [TRACE] [http-nio-8083-exec-4] ..hibernate.loader.Loader                 :1990 - Bound [1] parameters total
2017-09-06 15:44:19,413 [TRACE] [http-nio-8083-exec-4] ..hibernate.loader.Loader                 :1990 - Bound [1] parameters total
2017-09-06 15:44:19,417 [TRACE] [http-nio-8083-exec-4] ..jdbc.internal.ResourceRegistryStandardImpl:182 - Registering result set [com.mchange.v2.c3p0.impl.NewProxyResultSet@7a4f12c5 [wrapping: oracle.jdbc.driver.OracleResultSetImpl@2624d702]]
2017-09-06 15:44:19,417 [TRACE] [http-nio-8083-exec-4] ..jdbc.internal.ResourceRegistryStandardImpl:182 - Registering result set [com.mchange.v2.c3p0.impl.NewProxyResultSet@7a4f12c5 [wrapping: oracle.jdbc.driver.OracleResultSetImpl@2624d702]]
2017-09-06 15:44:19,427 [TRACE] [http-nio-8083-exec-4] ..hibernate.loader.Loader                 :978 - Processing result set
2017-09-06 15:44:19,427 [TRACE] [http-nio-8083-exec-4] ..hibernate.loader.Loader                 :978 - Processing result set
2017-09-06 15:44:19,427 [DEBUG] [http-nio-8083-exec-4] ..hibernate.loader.Loader                 :384 - Result set row: 0
2017-09-06 15:44:19,427 [DEBUG] [http-nio-8083-exec-4] ..hibernate.loader.Loader                 :384 - Result set row: 0
2017-09-06 15:44:19,427 [DEBUG] [http-nio-8083-exec-4] ..hibernate.loader.Loader                 :1527 - Result row: 
2017-09-06 15:44:19,427 [DEBUG] [http-nio-8083-exec-4] ..hibernate.loader.Loader                 :1527 - Result row: 
2017-09-06 15:44:19,432 [TRACE] [http-nio-8083-exec-4] ..descriptor.sql.BasicExtractor           :61 - extracted value ([ZMN] : [VARCHAR]) - [06.09.2017 17:23:24]
2017-09-06 15:44:19,432 [TRACE] [http-nio-8083-exec-4] ..descriptor.sql.BasicExtractor           :61 - extracted value ([ZMN] : [VARCHAR]) - [06.09.2017 17:23:24]
2017-09-06 15:44:19,433 [TRACE] [http-nio-8083-exec-4] ..hibernate.loader.Loader                 :1003 - Done processing result set (1 rows)
2017-09-06 15:44:19,433 [TRACE] [http-nio-8083-exec-4] ..hibernate.loader.Loader                 :1003 - Done processing result set (1 rows)
2017-09-06 15:44:19,435 [TRACE] [http-nio-8083-exec-4] ..jdbc.internal.ResourceRegistryStandardImpl:68 - Releasing statement [com.mchange.v2.c3p0.impl.NewProxyPreparedStatement@682c43cd [wrapping: oracle.jdbc.driver.OraclePreparedStatementWrapper@646928bd]]
2017-09-06 15:44:19,435 [TRACE] [http-nio-8083-exec-4] ..jdbc.internal.ResourceRegistryStandardImpl:68 - Releasing statement [com.mchange.v2.c3p0.impl.NewProxyPreparedStatement@682c43cd [wrapping: oracle.jdbc.driver.OraclePreparedStatementWrapper@646928bd]]
2017-09-06 15:44:19,436 [TRACE] [http-nio-8083-exec-4] ..jdbc.internal.ResourceRegistryStandardImpl:132 - Closing result set [com.mchange.v2.c3p0.impl.NewProxyResultSet@7a4f12c5 [wrapping: oracle.jdbc.driver.OracleResultSetImpl@2624d702]]
2017-09-06 15:44:19,436 [TRACE] [http-nio-8083-exec-4] ..jdbc.internal.ResourceRegistryStandardImpl:132 - Closing result set [com.mchange.v2.c3p0.impl.NewProxyResultSet@7a4f12c5 [wrapping: oracle.jdbc.driver.OracleResultSetImpl@2624d702]]
2017-09-06 15:44:19,436 [TRACE] [http-nio-8083-exec-4] ..jdbc.internal.ResourceRegistryStandardImpl:148 - Closing prepared statement [com.mchange.v2.c3p0.impl.NewProxyPreparedStatement@682c43cd [wrapping: oracle.jdbc.driver.OraclePreparedStatementWrapper@646928bd]]
2017-09-06 15:44:19,436 [TRACE] [http-nio-8083-exec-4] ..jdbc.internal.ResourceRegistryStandardImpl:148 - Closing prepared statement [com.mchange.v2.c3p0.impl.NewProxyPreparedStatement@682c43cd [wrapping: oracle.jdbc.driver.OraclePreparedStatementWrapper@646928bd]]
2017-09-06 15:44:19,436 [TRACE] [http-nio-8083-exec-4] ..jdbc.internal.JdbcCoordinatorImpl       :263 - Starting afterQuery statement execution processing [ON_CLOSE]
2017-09-06 15:44:19,436 [TRACE] [http-nio-8083-exec-4] ..jdbc.internal.JdbcCoordinatorImpl       :263 - Starting afterQuery statement execution processing [ON_CLOSE]
2017-09-06 15:44:19,437 [TRACE] [http-nio-8083-exec-4] ..engine.internal.StatefulPersistenceContext:916 - Initializing non-lazy collections
2017-09-06 15:44:19,437 [TRACE] [http-nio-8083-exec-4] ..engine.internal.StatefulPersistenceContext:916 - Initializing non-lazy collections
2017-09-06 15:44:19,438 [TRACE] [http-nio-8083-exec-4] ..query.spi.QueryPlanCache                :217 - Located native-sql query plan in cache (select to_char(sysdate,'dd.mm.yyyy hh24:mi:ss') zmn from dual)
2017-09-06 15:44:19,438 [TRACE] [http-nio-8083-exec-4] ..query.spi.QueryPlanCache                :217 - Located native-sql query plan in cache (select to_char(sysdate,'dd.mm.yyyy hh24:mi:ss') zmn from dual)
2017-09-06 15:44:19,439 [TRACE] [http-nio-8083-exec-4] ..hibernate.internal.SessionImpl          :2150 - SQL query: select to_char(sysdate,'dd.mm.yyyy hh24:mi:ss') zmn from dual
2017-09-06 15:44:19,439 [TRACE] [http-nio-8083-exec-4] ..hibernate.internal.SessionImpl          :2150 - SQL query: select to_char(sysdate,'dd.mm.yyyy hh24:mi:ss') zmn from dual
2017-09-06 15:44:19,440 [DEBUG] [http-nio-8083-exec-4] ..org.hibernate.SQL                       :92 - select to_char(sysdate,'dd.mm.yyyy hh24:mi:ss') zmn from dual
2017-09-06 15:44:19,440 [DEBUG] [http-nio-8083-exec-4] ..org.hibernate.SQL                       :92 - select to_char(sysdate,'dd.mm.yyyy hh24:mi:ss') zmn from dual
2017-09-06 15:44:19,440 [TRACE] [http-nio-8083-exec-4] ..jdbc.internal.ResourceRegistryStandardImpl:55 - Registering statement [com.mchange.v2.c3p0.impl.NewProxyPreparedStatement@71ddcb03 [wrapping: oracle.jdbc.driver.OraclePreparedStatementWrapper@2e51543d]]
2017-09-06 15:44:19,440 [TRACE] [http-nio-8083-exec-4] ..jdbc.internal.ResourceRegistryStandardImpl:55 - Registering statement [com.mchange.v2.c3p0.impl.NewProxyPreparedStatement@71ddcb03 [wrapping: oracle.jdbc.driver.OraclePreparedStatementWrapper@2e51543d]]
2017-09-06 15:44:19,440 [TRACE] [http-nio-8083-exec-4] ..jdbc.internal.JdbcCoordinatorImpl       :333 - Registering last query statement [com.mchange.v2.c3p0.impl.NewProxyPreparedStatement@71ddcb03 [wrapping: oracle.jdbc.driver.OraclePreparedStatementWrapper@2e51543d]]
2017-09-06 15:44:19,440 [TRACE] [http-nio-8083-exec-4] ..jdbc.internal.JdbcCoordinatorImpl       :333 - Registering last query statement [com.mchange.v2.c3p0.impl.NewProxyPreparedStatement@71ddcb03 [wrapping: oracle.jdbc.driver.OraclePreparedStatementWrapper@2e51543d]]
2017-09-06 15:44:19,441 [TRACE] [http-nio-8083-exec-4] ..hibernate.loader.Loader                 :1990 - Bound [1] parameters total
2017-09-06 15:44:19,441 [TRACE] [http-nio-8083-exec-4] ..hibernate.loader.Loader                 :1990 - Bound [1] parameters total
2017-09-06 15:44:19,442 [TRACE] [http-nio-8083-exec-4] ..jdbc.internal.ResourceRegistryStandardImpl:182 - Registering result set [com.mchange.v2.c3p0.impl.NewProxyResultSet@2da84484 [wrapping: oracle.jdbc.driver.OracleResultSetImpl@4e96bf3c]]
2017-09-06 15:44:19,442 [TRACE] [http-nio-8083-exec-4] ..jdbc.internal.ResourceRegistryStandardImpl:182 - Registering result set [com.mchange.v2.c3p0.impl.NewProxyResultSet@2da84484 [wrapping: oracle.jdbc.driver.OracleResultSetImpl@4e96bf3c]]
2017-09-06 15:44:19,443 [TRACE] [http-nio-8083-exec-4] ..hibernate.loader.Loader                 :978 - Processing result set
2017-09-06 15:44:19,443 [TRACE] [http-nio-8083-exec-4] ..hibernate.loader.Loader                 :978 - Processing result set
2017-09-06 15:44:19,443 [DEBUG] [http-nio-8083-exec-4] ..hibernate.loader.Loader                 :384 - Result set row: 0
2017-09-06 15:44:19,443 [DEBUG] [http-nio-8083-exec-4] ..hibernate.loader.Loader                 :384 - Result set row: 0
2017-09-06 15:44:19,443 [DEBUG] [http-nio-8083-exec-4] ..hibernate.loader.Loader                 :1527 - Result row: 
2017-09-06 15:44:19,443 [DEBUG] [http-nio-8083-exec-4] ..hibernate.loader.Loader                 :1527 - Result row: 
2017-09-06 15:44:19,443 [TRACE] [http-nio-8083-exec-4] ..descriptor.sql.BasicExtractor           :61 - extracted value ([ZMN] : [VARCHAR]) - [06.09.2017 17:23:24]
2017-09-06 15:44:19,443 [TRACE] [http-nio-8083-exec-4] ..descriptor.sql.BasicExtractor           :61 - extracted value ([ZMN] : [VARCHAR]) - [06.09.2017 17:23:24]
2017-09-06 15:44:19,444 [TRACE] [http-nio-8083-exec-4] ..hibernate.loader.Loader                 :1003 - Done processing result set (1 rows)
2017-09-06 15:44:19,444 [TRACE] [http-nio-8083-exec-4] ..hibernate.loader.Loader                 :1003 - Done processing result set (1 rows)
2017-09-06 15:44:19,444 [TRACE] [http-nio-8083-exec-4] ..jdbc.internal.ResourceRegistryStandardImpl:68 - Releasing statement [com.mchange.v2.c3p0.impl.NewProxyPreparedStatement@71ddcb03 [wrapping: oracle.jdbc.driver.OraclePreparedStatementWrapper@2e51543d]]
2017-09-06 15:44:19,444 [TRACE] [http-nio-8083-exec-4] ..jdbc.internal.ResourceRegistryStandardImpl:68 - Releasing statement [com.mchange.v2.c3p0.impl.NewProxyPreparedStatement@71ddcb03 [wrapping: oracle.jdbc.driver.OraclePreparedStatementWrapper@2e51543d]]
2017-09-06 15:44:19,444 [TRACE] [http-nio-8083-exec-4] ..jdbc.internal.ResourceRegistryStandardImpl:132 - Closing result set [com.mchange.v2.c3p0.impl.NewProxyResultSet@2da84484 [wrapping: oracle.jdbc.driver.OracleResultSetImpl@4e96bf3c]]
2017-09-06 15:44:19,444 [TRACE] [http-nio-8083-exec-4] ..jdbc.internal.ResourceRegistryStandardImpl:132 - Closing result set [com.mchange.v2.c3p0.impl.NewProxyResultSet@2da84484 [wrapping: oracle.jdbc.driver.OracleResultSetImpl@4e96bf3c]]
2017-09-06 15:44:19,444 [TRACE] [http-nio-8083-exec-4] ..jdbc.internal.ResourceRegistryStandardImpl:148 - Closing prepared statement [com.mchange.v2.c3p0.impl.NewProxyPreparedStatement@71ddcb03 [wrapping: oracle.jdbc.driver.OraclePreparedStatementWrapper@2e51543d]]
2017-09-06 15:44:19,444 [TRACE] [http-nio-8083-exec-4] ..jdbc.internal.ResourceRegistryStandardImpl:148 - Closing prepared statement [com.mchange.v2.c3p0.impl.NewProxyPreparedStatement@71ddcb03 [wrapping: oracle.jdbc.driver.OraclePreparedStatementWrapper@2e51543d]]
2017-09-06 15:44:19,445 [TRACE] [http-nio-8083-exec-4] ..jdbc.internal.JdbcCoordinatorImpl       :263 - Starting afterQuery statement execution processing [ON_CLOSE]
2017-09-06 15:44:19,445 [TRACE] [http-nio-8083-exec-4] ..jdbc.internal.JdbcCoordinatorImpl       :263 - Starting afterQuery statement execution processing [ON_CLOSE]
2017-09-06 15:44:19,445 [TRACE] [http-nio-8083-exec-4] ..engine.internal.StatefulPersistenceContext:916 - Initializing non-lazy collections
2017-09-06 15:44:19,445 [TRACE] [http-nio-8083-exec-4] ..engine.internal.StatefulPersistenceContext:916 - Initializing non-lazy collections
2017-09-06 15:44:19,445 [DEBUG] [http-nio-8083-exec-4] ..transaction.internal.TransactionImpl    :66 - committing
2017-09-06 15:44:19,445 [DEBUG] [http-nio-8083-exec-4] ..transaction.internal.TransactionImpl    :66 - committing
2017-09-06 15:44:19,445 [TRACE] [http-nio-8083-exec-4] ..jdbc.internal.JdbcResourceLocalTransactionCoordinatorImpl:144 - ResourceLocalTransactionCoordinatorImpl#beforeCompletionCallback
2017-09-06 15:44:19,445 [TRACE] [http-nio-8083-exec-4] ..jdbc.internal.JdbcResourceLocalTransactionCoordinatorImpl:144 - ResourceLocalTransactionCoordinatorImpl#beforeCompletionCallback
2017-09-06 15:44:19,446 [TRACE] [http-nio-8083-exec-4] ..hibernate.internal.SessionImpl          :2410 - SessionImpl#beforeTransactionCompletion()
2017-09-06 15:44:19,446 [TRACE] [http-nio-8083-exec-4] ..hibernate.internal.SessionImpl          :2410 - SessionImpl#beforeTransactionCompletion()
2017-09-06 15:44:19,446 [TRACE] [http-nio-8083-exec-4] ..transaction.internal.SynchronizationRegistryStandardImpl:55 - SynchronizationRegistryStandardImpl.notifySynchronizationsBeforeTransactionCompletion
2017-09-06 15:44:19,446 [TRACE] [http-nio-8083-exec-4] ..transaction.internal.SynchronizationRegistryStandardImpl:55 - SynchronizationRegistryStandardImpl.notifySynchronizationsBeforeTransactionCompletion
2017-09-06 15:44:19,446 [TRACE] [http-nio-8083-exec-4] ..jdbc.internal.AbstractLogicalConnectionImplementor:80 - Preparing to commit transaction via JDBC Connection.commit()
2017-09-06 15:44:19,446 [TRACE] [http-nio-8083-exec-4] ..jdbc.internal.AbstractLogicalConnectionImplementor:80 - Preparing to commit transaction via JDBC Connection.commit()
2017-09-06 15:44:19,447 [TRACE] [http-nio-8083-exec-4] ..jdbc.internal.AbstractLogicalConnectionImplementor:83 - Transaction committed via JDBC Connection.commit()
2017-09-06 15:44:19,447 [TRACE] [http-nio-8083-exec-4] ..jdbc.internal.AbstractLogicalConnectionImplementor:83 - Transaction committed via JDBC Connection.commit()
2017-09-06 15:44:19,447 [TRACE] [http-nio-8083-exec-4] ..jdbc.internal.AbstractLogicalConnectionImplementor:53 - LogicalConnection#afterTransaction
2017-09-06 15:44:19,447 [TRACE] [http-nio-8083-exec-4] ..jdbc.internal.AbstractLogicalConnectionImplementor:53 - LogicalConnection#afterTransaction
2017-09-06 15:44:19,447 [TRACE] [http-nio-8083-exec-4] ..jdbc.internal.ResourceRegistryStandardImpl:286 - Releasing JDBC resources
2017-09-06 15:44:19,447 [TRACE] [http-nio-8083-exec-4] ..jdbc.internal.ResourceRegistryStandardImpl:286 - Releasing JDBC resources
2017-09-06 15:44:19,447 [TRACE] [http-nio-8083-exec-4] ..jdbc.internal.JdbcResourceLocalTransactionCoordinatorImpl:162 - ResourceLocalTransactionCoordinatorImpl#afterCompletionCallback(true)
2017-09-06 15:44:19,447 [TRACE] [http-nio-8083-exec-4] ..jdbc.internal.JdbcResourceLocalTransactionCoordinatorImpl:162 - ResourceLocalTransactionCoordinatorImpl#afterCompletionCallback(true)
2017-09-06 15:44:19,447 [TRACE] [http-nio-8083-exec-4] ..transaction.internal.SynchronizationRegistryStandardImpl:159 - SynchronizationRegistryStandardImpl.notifySynchronizationsAfterTransactionCompletion(3)
2017-09-06 15:44:19,447 [TRACE] [http-nio-8083-exec-4] ..transaction.internal.SynchronizationRegistryStandardImpl:159 - SynchronizationRegistryStandardImpl.notifySynchronizationsAfterTransactionCompletion(3)
2017-09-06 15:44:19,448 [TRACE] [http-nio-8083-exec-4] ..hibernate.internal.SessionImpl          :2423 - SessionImpl#afterTransactionCompletion(successful=true, delayed=false)
2017-09-06 15:44:19,448 [TRACE] [http-nio-8083-exec-4] ..hibernate.internal.SessionImpl          :2423 - SessionImpl#afterTransactionCompletion(successful=true, delayed=false)
2017-09-06 15:44:19,448 [TRACE] [http-nio-8083-exec-4] ..hibernate.internal.SessionImpl          :404 - Closing session [20cba9e7-eee2-401f-8835-5e9708770010]
2017-09-06 15:44:19,448 [TRACE] [http-nio-8083-exec-4] ..hibernate.internal.SessionImpl          :404 - Closing session [20cba9e7-eee2-401f-8835-5e9708770010]
2017-09-06 15:44:19,448 [TRACE] [http-nio-8083-exec-4] ..jdbc.internal.JdbcCoordinatorImpl       :173 - Closing JDBC container [org.hibernate.engine.jdbc.internal.JdbcCoordinatorImpl@32b207e1]
2017-09-06 15:44:19,448 [TRACE] [http-nio-8083-exec-4] ..jdbc.internal.JdbcCoordinatorImpl       :173 - Closing JDBC container [org.hibernate.engine.jdbc.internal.JdbcCoordinatorImpl@32b207e1]
2017-09-06 15:44:19,449 [TRACE] [http-nio-8083-exec-4] ..jdbc.internal.ResourceRegistryStandardImpl:286 - Releasing JDBC resources
2017-09-06 15:44:19,449 [TRACE] [http-nio-8083-exec-4] ..jdbc.internal.ResourceRegistryStandardImpl:286 - Releasing JDBC resources
2017-09-06 15:44:19,449 [TRACE] [http-nio-8083-exec-4] ..jdbc.internal.LogicalConnectionManagedImpl:246 - Closing logical connection
2017-09-06 15:44:19,449 [TRACE] [http-nio-8083-exec-4] ..jdbc.internal.LogicalConnectionManagedImpl:246 - Closing logical connection
2017-09-06 15:44:19,450 [TRACE] [http-nio-8083-exec-4] ..jdbc.internal.ResourceRegistryStandardImpl:286 - Releasing JDBC resources
2017-09-06 15:44:19,450 [TRACE] [http-nio-8083-exec-4] ..jdbc.internal.ResourceRegistryStandardImpl:286 - Releasing JDBC resources
2017-09-06 15:44:19,450 [TRACE] [http-nio-8083-exec-4] ..jdbc.internal.LogicalConnectionManagedImpl:253 - Logical connection closed
2017-09-06 15:44:19,450 [TRACE] [http-nio-8083-exec-4] ..jdbc.internal.LogicalConnectionManagedImpl:253 - Logical connection closed
2017-09-06 15:44:19,450 [WARN ] [http-nio-8083-exec-4] ..atakancoban.bean.HelloBean              :44 - Bu bir WARN mesajý 
2017-09-06 15:44:19,451 [ERROR] [http-nio-8083-exec-4] ..atakancoban.bean.HelloBean              :45 - Bu bir ERROR mesajý 
2017-09-06 15:44:19,451 [FATAL] [http-nio-8083-exec-4] ..atakancoban.bean.HelloBean              :46 - Bu bir FATAL mesajý 
2017-09-06 15:47:12,397 [TRACE] [http-nio-8083-exec-10] ..hibernate.internal.SessionFactoryImpl$SessionBuilderImpl:1208 - Opening Hibernate Session.  tenant=null, owner=null
2017-09-06 15:47:12,461 [TRACE] [http-nio-8083-exec-10] ..service.internal.AbstractServiceRegistryImpl:229 - Initializing service [role=org.hibernate.resource.transaction.spi.TransactionCoordinatorBuilder]
2017-09-06 15:47:12,515 [TRACE] [http-nio-8083-exec-10] ..service.internal.AbstractServiceRegistryImpl:229 - Initializing service [role=org.hibernate.stat.spi.StatisticsImplementor]
2017-09-06 15:47:12,521 [DEBUG] [http-nio-8083-exec-10] ..stat.internal.StatisticsInitiator       :82 - Statistics initialized [enabled=false]
2017-09-06 15:47:12,531 [TRACE] [http-nio-8083-exec-10] ..hibernate.internal.SessionImpl          :284 - Opened Session [f8f83e87-b6d3-4830-a832-b219e63f511c] at timestamp: 15047020324
2017-09-06 15:47:12,538 [DEBUG] [http-nio-8083-exec-10] ..transaction.internal.TransactionImpl    :55 - begin
2017-09-06 15:47:12,539 [TRACE] [http-nio-8083-exec-10] ..jdbc.internal.AbstractLogicalConnectionImplementor:66 - Preparing to begin transaction via JDBC Connection.setAutoCommit(false)
2017-09-06 15:47:12,539 [TRACE] [http-nio-8083-exec-10] ..jdbc.internal.AbstractLogicalConnectionImplementor:68 - Transaction begun via JDBC Connection.setAutoCommit(false)
2017-09-06 15:47:12,541 [TRACE] [http-nio-8083-exec-10] ..jdbc.internal.JdbcResourceLocalTransactionCoordinatorImpl:140 - ResourceLocalTransactionCoordinatorImpl#afterBeginCallback
2017-09-06 15:47:12,544 [DEBUG] [http-nio-8083-exec-10] ..transaction.internal.TransactionImpl    :66 - committing
2017-09-06 15:47:12,544 [TRACE] [http-nio-8083-exec-10] ..jdbc.internal.JdbcResourceLocalTransactionCoordinatorImpl:144 - ResourceLocalTransactionCoordinatorImpl#beforeCompletionCallback
2017-09-06 15:47:12,544 [TRACE] [http-nio-8083-exec-10] ..hibernate.internal.SessionImpl          :2410 - SessionImpl#beforeTransactionCompletion()
2017-09-06 15:47:12,545 [TRACE] [http-nio-8083-exec-10] ..transaction.internal.SynchronizationRegistryStandardImpl:55 - SynchronizationRegistryStandardImpl.notifySynchronizationsBeforeTransactionCompletion
2017-09-06 15:47:12,545 [TRACE] [http-nio-8083-exec-10] ..jdbc.internal.AbstractLogicalConnectionImplementor:80 - Preparing to commit transaction via JDBC Connection.commit()
2017-09-06 15:47:12,547 [TRACE] [http-nio-8083-exec-10] ..jdbc.internal.AbstractLogicalConnectionImplementor:83 - Transaction committed via JDBC Connection.commit()
2017-09-06 15:47:12,547 [TRACE] [http-nio-8083-exec-10] ..jdbc.internal.AbstractLogicalConnectionImplementor:53 - LogicalConnection#afterTransaction
2017-09-06 15:47:12,548 [TRACE] [http-nio-8083-exec-10] ..jdbc.internal.ResourceRegistryStandardImpl:286 - Releasing JDBC resources
2017-09-06 15:47:12,548 [TRACE] [http-nio-8083-exec-10] ..jdbc.internal.JdbcResourceLocalTransactionCoordinatorImpl:162 - ResourceLocalTransactionCoordinatorImpl#afterCompletionCallback(true)
2017-09-06 15:47:12,548 [TRACE] [http-nio-8083-exec-10] ..transaction.internal.SynchronizationRegistryStandardImpl:159 - SynchronizationRegistryStandardImpl.notifySynchronizationsAfterTransactionCompletion(3)
2017-09-06 15:47:12,549 [TRACE] [http-nio-8083-exec-10] ..hibernate.internal.SessionImpl          :2423 - SessionImpl#afterTransactionCompletion(successful=true, delayed=false)
2017-09-06 15:47:12,549 [TRACE] [http-nio-8083-exec-10] ..hibernate.internal.SessionImpl          :404 - Closing session [f8f83e87-b6d3-4830-a832-b219e63f511c]
2017-09-06 15:47:12,549 [TRACE] [http-nio-8083-exec-10] ..jdbc.internal.JdbcCoordinatorImpl       :173 - Closing JDBC container [org.hibernate.engine.jdbc.internal.JdbcCoordinatorImpl@3846c6e]
2017-09-06 15:47:12,550 [TRACE] [http-nio-8083-exec-10] ..jdbc.internal.ResourceRegistryStandardImpl:286 - Releasing JDBC resources
2017-09-06 15:47:12,550 [TRACE] [http-nio-8083-exec-10] ..jdbc.internal.LogicalConnectionManagedImpl:246 - Closing logical connection
2017-09-06 15:47:12,550 [TRACE] [http-nio-8083-exec-10] ..jdbc.internal.ResourceRegistryStandardImpl:286 - Releasing JDBC resources
2017-09-06 15:47:12,551 [TRACE] [http-nio-8083-exec-10] ..jdbc.internal.LogicalConnectionManagedImpl:253 - Logical connection closed
2017-09-06 15:47:12,555 [TRACE] [http-nio-8083-exec-10] ..hibernate.internal.SessionFactoryImpl$SessionBuilderImpl:1208 - Opening Hibernate Session.  tenant=null, owner=null
2017-09-06 15:47:12,555 [TRACE] [http-nio-8083-exec-10] ..hibernate.internal.SessionImpl          :284 - Opened Session [1e0606a0-da5a-46ce-aa6f-7876ecd912f6] at timestamp: 15047020325
2017-09-06 15:47:12,555 [DEBUG] [http-nio-8083-exec-10] ..transaction.internal.TransactionImpl    :55 - begin
2017-09-06 15:47:12,555 [TRACE] [http-nio-8083-exec-10] ..jdbc.internal.AbstractLogicalConnectionImplementor:66 - Preparing to begin transaction via JDBC Connection.setAutoCommit(false)
2017-09-06 15:47:12,556 [TRACE] [http-nio-8083-exec-10] ..jdbc.internal.AbstractLogicalConnectionImplementor:68 - Transaction begun via JDBC Connection.setAutoCommit(false)
2017-09-06 15:47:12,556 [TRACE] [http-nio-8083-exec-10] ..jdbc.internal.JdbcResourceLocalTransactionCoordinatorImpl:140 - ResourceLocalTransactionCoordinatorImpl#afterBeginCallback
2017-09-06 15:47:12,588 [TRACE] [http-nio-8083-exec-10] ..query.spi.QueryPlanCache                :212 - Unable to locate native-sql query plan in cache; generating (select to_char(sysdate,'dd.mm.yyyy hh24:mi:ss') zmn from dual)
2017-09-06 15:47:12,590 [TRACE] [http-nio-8083-exec-10] ..custom.sql.SQLCustomQuery               :69 - Starting processing of sql query [select to_char(sysdate,'dd.mm.yyyy hh24:mi:ss') zmn from dual]
2017-09-06 15:47:12,602 [TRACE] [http-nio-8083-exec-10] ..hibernate.internal.SessionImpl          :2150 - SQL query: select to_char(sysdate,'dd.mm.yyyy hh24:mi:ss') zmn from dual
2017-09-06 15:47:12,626 [DEBUG] [http-nio-8083-exec-10] ..org.hibernate.SQL                       :92 - select to_char(sysdate,'dd.mm.yyyy hh24:mi:ss') zmn from dual
2017-09-06 15:47:12,713 [TRACE] [http-nio-8083-exec-10] ..jdbc.internal.ResourceRegistryStandardImpl:55 - Registering statement [com.mchange.v2.c3p0.impl.NewProxyPreparedStatement@6eed4545 [wrapping: oracle.jdbc.driver.OraclePreparedStatementWrapper@76a64405]]
2017-09-06 15:47:12,713 [TRACE] [http-nio-8083-exec-10] ..jdbc.internal.JdbcCoordinatorImpl       :333 - Registering last query statement [com.mchange.v2.c3p0.impl.NewProxyPreparedStatement@6eed4545 [wrapping: oracle.jdbc.driver.OraclePreparedStatementWrapper@76a64405]]
2017-09-06 15:47:12,715 [TRACE] [http-nio-8083-exec-10] ..hibernate.loader.Loader                 :1990 - Bound [1] parameters total
2017-09-06 15:47:12,718 [TRACE] [http-nio-8083-exec-10] ..jdbc.internal.ResourceRegistryStandardImpl:182 - Registering result set [com.mchange.v2.c3p0.impl.NewProxyResultSet@18cb3896 [wrapping: oracle.jdbc.driver.OracleResultSetImpl@9b33b64]]
2017-09-06 15:47:12,724 [TRACE] [http-nio-8083-exec-10] ..hibernate.loader.Loader                 :978 - Processing result set
2017-09-06 15:47:12,725 [DEBUG] [http-nio-8083-exec-10] ..hibernate.loader.Loader                 :384 - Result set row: 0
2017-09-06 15:47:12,725 [DEBUG] [http-nio-8083-exec-10] ..hibernate.loader.Loader                 :1527 - Result row: 
2017-09-06 15:47:12,730 [TRACE] [http-nio-8083-exec-10] ..descriptor.sql.BasicExtractor           :61 - extracted value ([ZMN] : [VARCHAR]) - [06.09.2017 17:26:17]
2017-09-06 15:47:12,731 [TRACE] [http-nio-8083-exec-10] ..hibernate.loader.Loader                 :1003 - Done processing result set (1 rows)
2017-09-06 15:47:12,733 [TRACE] [http-nio-8083-exec-10] ..jdbc.internal.ResourceRegistryStandardImpl:68 - Releasing statement [com.mchange.v2.c3p0.impl.NewProxyPreparedStatement@6eed4545 [wrapping: oracle.jdbc.driver.OraclePreparedStatementWrapper@76a64405]]
2017-09-06 15:47:12,733 [TRACE] [http-nio-8083-exec-10] ..jdbc.internal.ResourceRegistryStandardImpl:132 - Closing result set [com.mchange.v2.c3p0.impl.NewProxyResultSet@18cb3896 [wrapping: oracle.jdbc.driver.OracleResultSetImpl@9b33b64]]
2017-09-06 15:47:12,734 [TRACE] [http-nio-8083-exec-10] ..jdbc.internal.ResourceRegistryStandardImpl:148 - Closing prepared statement [com.mchange.v2.c3p0.impl.NewProxyPreparedStatement@6eed4545 [wrapping: oracle.jdbc.driver.OraclePreparedStatementWrapper@76a64405]]
2017-09-06 15:47:12,734 [TRACE] [http-nio-8083-exec-10] ..jdbc.internal.JdbcCoordinatorImpl       :263 - Starting afterQuery statement execution processing [ON_CLOSE]
2017-09-06 15:47:12,734 [TRACE] [http-nio-8083-exec-10] ..engine.internal.StatefulPersistenceContext:916 - Initializing non-lazy collections
2017-09-06 15:47:12,736 [TRACE] [http-nio-8083-exec-10] ..query.spi.QueryPlanCache                :217 - Located native-sql query plan in cache (select to_char(sysdate,'dd.mm.yyyy hh24:mi:ss') zmn from dual)
2017-09-06 15:47:12,736 [TRACE] [http-nio-8083-exec-10] ..hibernate.internal.SessionImpl          :2150 - SQL query: select to_char(sysdate,'dd.mm.yyyy hh24:mi:ss') zmn from dual
2017-09-06 15:47:12,736 [DEBUG] [http-nio-8083-exec-10] ..org.hibernate.SQL                       :92 - select to_char(sysdate,'dd.mm.yyyy hh24:mi:ss') zmn from dual
2017-09-06 15:47:12,737 [TRACE] [http-nio-8083-exec-10] ..jdbc.internal.ResourceRegistryStandardImpl:55 - Registering statement [com.mchange.v2.c3p0.impl.NewProxyPreparedStatement@1a2c814d [wrapping: oracle.jdbc.driver.OraclePreparedStatementWrapper@780a78e5]]
2017-09-06 15:47:12,737 [TRACE] [http-nio-8083-exec-10] ..jdbc.internal.JdbcCoordinatorImpl       :333 - Registering last query statement [com.mchange.v2.c3p0.impl.NewProxyPreparedStatement@1a2c814d [wrapping: oracle.jdbc.driver.OraclePreparedStatementWrapper@780a78e5]]
2017-09-06 15:47:12,737 [TRACE] [http-nio-8083-exec-10] ..hibernate.loader.Loader                 :1990 - Bound [1] parameters total
2017-09-06 15:47:12,739 [TRACE] [http-nio-8083-exec-10] ..jdbc.internal.ResourceRegistryStandardImpl:182 - Registering result set [com.mchange.v2.c3p0.impl.NewProxyResultSet@116bc3c9 [wrapping: oracle.jdbc.driver.OracleResultSetImpl@357c6a3d]]
2017-09-06 15:47:12,740 [TRACE] [http-nio-8083-exec-10] ..hibernate.loader.Loader                 :978 - Processing result set
2017-09-06 15:47:12,741 [DEBUG] [http-nio-8083-exec-10] ..hibernate.loader.Loader                 :384 - Result set row: 0
2017-09-06 15:47:12,741 [DEBUG] [http-nio-8083-exec-10] ..hibernate.loader.Loader                 :1527 - Result row: 
2017-09-06 15:47:12,741 [TRACE] [http-nio-8083-exec-10] ..descriptor.sql.BasicExtractor           :61 - extracted value ([ZMN] : [VARCHAR]) - [06.09.2017 17:26:17]
2017-09-06 15:47:12,742 [TRACE] [http-nio-8083-exec-10] ..hibernate.loader.Loader                 :1003 - Done processing result set (1 rows)
2017-09-06 15:47:12,743 [TRACE] [http-nio-8083-exec-10] ..jdbc.internal.ResourceRegistryStandardImpl:68 - Releasing statement [com.mchange.v2.c3p0.impl.NewProxyPreparedStatement@1a2c814d [wrapping: oracle.jdbc.driver.OraclePreparedStatementWrapper@780a78e5]]
2017-09-06 15:47:12,744 [TRACE] [http-nio-8083-exec-10] ..jdbc.internal.ResourceRegistryStandardImpl:132 - Closing result set [com.mchange.v2.c3p0.impl.NewProxyResultSet@116bc3c9 [wrapping: oracle.jdbc.driver.OracleResultSetImpl@357c6a3d]]
2017-09-06 15:47:12,745 [TRACE] [http-nio-8083-exec-10] ..jdbc.internal.ResourceRegistryStandardImpl:148 - Closing prepared statement [com.mchange.v2.c3p0.impl.NewProxyPreparedStatement@1a2c814d [wrapping: oracle.jdbc.driver.OraclePreparedStatementWrapper@780a78e5]]
2017-09-06 15:47:12,745 [TRACE] [http-nio-8083-exec-10] ..jdbc.internal.JdbcCoordinatorImpl       :263 - Starting afterQuery statement execution processing [ON_CLOSE]
2017-09-06 15:47:12,746 [TRACE] [http-nio-8083-exec-10] ..engine.internal.StatefulPersistenceContext:916 - Initializing non-lazy collections
2017-09-06 15:47:12,746 [DEBUG] [http-nio-8083-exec-10] ..transaction.internal.TransactionImpl    :66 - committing
2017-09-06 15:47:12,747 [TRACE] [http-nio-8083-exec-10] ..jdbc.internal.JdbcResourceLocalTransactionCoordinatorImpl:144 - ResourceLocalTransactionCoordinatorImpl#beforeCompletionCallback
2017-09-06 15:47:12,747 [TRACE] [http-nio-8083-exec-10] ..hibernate.internal.SessionImpl          :2410 - SessionImpl#beforeTransactionCompletion()
2017-09-06 15:47:12,748 [TRACE] [http-nio-8083-exec-10] ..transaction.internal.SynchronizationRegistryStandardImpl:55 - SynchronizationRegistryStandardImpl.notifySynchronizationsBeforeTransactionCompletion
2017-09-06 15:47:12,749 [TRACE] [http-nio-8083-exec-10] ..jdbc.internal.AbstractLogicalConnectionImplementor:80 - Preparing to commit transaction via JDBC Connection.commit()
2017-09-06 15:47:12,749 [TRACE] [http-nio-8083-exec-10] ..jdbc.internal.AbstractLogicalConnectionImplementor:83 - Transaction committed via JDBC Connection.commit()
2017-09-06 15:47:12,749 [TRACE] [http-nio-8083-exec-10] ..jdbc.internal.AbstractLogicalConnectionImplementor:53 - LogicalConnection#afterTransaction
2017-09-06 15:47:12,750 [TRACE] [http-nio-8083-exec-10] ..jdbc.internal.ResourceRegistryStandardImpl:286 - Releasing JDBC resources
2017-09-06 15:47:12,750 [TRACE] [http-nio-8083-exec-10] ..jdbc.internal.JdbcResourceLocalTransactionCoordinatorImpl:162 - ResourceLocalTransactionCoordinatorImpl#afterCompletionCallback(true)
2017-09-06 15:47:12,750 [TRACE] [http-nio-8083-exec-10] ..transaction.internal.SynchronizationRegistryStandardImpl:159 - SynchronizationRegistryStandardImpl.notifySynchronizationsAfterTransactionCompletion(3)
2017-09-06 15:47:12,750 [TRACE] [http-nio-8083-exec-10] ..hibernate.internal.SessionImpl          :2423 - SessionImpl#afterTransactionCompletion(successful=true, delayed=false)
2017-09-06 15:47:12,751 [TRACE] [http-nio-8083-exec-10] ..hibernate.internal.SessionImpl          :404 - Closing session [1e0606a0-da5a-46ce-aa6f-7876ecd912f6]
2017-09-06 15:47:12,751 [TRACE] [http-nio-8083-exec-10] ..jdbc.internal.JdbcCoordinatorImpl       :173 - Closing JDBC container [org.hibernate.engine.jdbc.internal.JdbcCoordinatorImpl@6f330e40]
2017-09-06 15:47:12,751 [TRACE] [http-nio-8083-exec-10] ..jdbc.internal.ResourceRegistryStandardImpl:286 - Releasing JDBC resources
2017-09-06 15:47:12,751 [TRACE] [http-nio-8083-exec-10] ..jdbc.internal.LogicalConnectionManagedImpl:246 - Closing logical connection
2017-09-06 15:47:12,752 [TRACE] [http-nio-8083-exec-10] ..jdbc.internal.ResourceRegistryStandardImpl:286 - Releasing JDBC resources
2017-09-06 15:47:12,752 [TRACE] [http-nio-8083-exec-10] ..jdbc.internal.LogicalConnectionManagedImpl:253 - Logical connection closed
2017-09-06 15:47:12,752 [WARN ] [http-nio-8083-exec-10] ..atakancoban.bean.HelloBean              :44 - Bu bir WARN mesajý 
2017-09-06 15:47:12,753 [ERROR] [http-nio-8083-exec-10] ..atakancoban.bean.HelloBean              :45 - Bu bir ERROR mesajý 
2017-09-06 15:47:12,753 [FATAL] [http-nio-8083-exec-10] ..atakancoban.bean.HelloBean              :46 - Bu bir FATAL mesajý 
2017-09-06 15:50:07,361 [DEBUG] [C3P0PooledConnectionPoolManager[identityToken->1br8czi9qo7eyncpvwd01|4c731657]-AdminTaskTimer] ..v2.async.ThreadPoolAsynchronousRunner   :778 - com.mchange.v2.async.ThreadPoolAsynchronousRunner$DeadlockDetector@6262fb99 -- Running DeadlockDetector[Exiting. No pending tasks.]
2017-09-06 15:50:17,362 [DEBUG] [C3P0PooledConnectionPoolManager[identityToken->1br8czi9qo7eyncpvwd01|4c731657]-AdminTaskTimer] ..v2.async.ThreadPoolAsynchronousRunner   :778 - com.mchange.v2.async.ThreadPoolAsynchronousRunner$DeadlockDetector@6262fb99 -- Running DeadlockDetector[Exiting. No pending tasks.]
2017-09-06 15:50:21,295 [DEBUG] [http-nio-8083-exec-10] ..v2.resourcepool.BasicResourcePool       :1801 - trace com.mchange.v2.resourcepool.BasicResourcePool@7cbabb4e [managed: 2, unused: 1, excluded: 0] (e.g. com.mchange.v2.c3p0.impl.NewPooledConnection@3de2bc51)
2017-09-06 15:50:21,319 [DEBUG] [http-nio-8083-exec-10] ..v2.async.ThreadPoolAsynchronousRunner   :236 - com.mchange.v2.async.ThreadPoolAsynchronousRunner@523b7dd4: Adding task to queue -- com.mchange.v2.resourcepool.BasicResourcePool$1RefurbishCheckinResourceTask@78d898a1
2017-09-06 15:50:21,320 [DEBUG] [http-nio-8083-exec-10] ..v2.resourcepool.BasicResourcePool       :1801 - trace com.mchange.v2.resourcepool.BasicResourcePool@7cbabb4e [managed: 2, unused: 1, excluded: 0] (e.g. com.mchange.v2.c3p0.impl.NewPooledConnection@3de2bc51)
2017-09-06 15:50:21,330 [DEBUG] [http-nio-8083-exec-10] ..v2.resourcepool.BasicResourcePool       :1801 - trace com.mchange.v2.resourcepool.BasicResourcePool@7cbabb4e [managed: 2, unused: 1, excluded: 0] (e.g. com.mchange.v2.c3p0.impl.NewPooledConnection@3de2bc51)
2017-09-06 15:50:21,582 [DEBUG] [http-nio-8083-exec-10] ..v2.async.ThreadPoolAsynchronousRunner   :236 - com.mchange.v2.async.ThreadPoolAsynchronousRunner@523b7dd4: Adding task to queue -- com.mchange.v2.resourcepool.BasicResourcePool$1RefurbishCheckinResourceTask@823601
2017-09-06 15:50:21,584 [DEBUG] [http-nio-8083-exec-10] ..v2.resourcepool.BasicResourcePool       :1801 - trace com.mchange.v2.resourcepool.BasicResourcePool@7cbabb4e [managed: 2, unused: 1, excluded: 0] (e.g. com.mchange.v2.c3p0.impl.NewPooledConnection@3de2bc51)
2017-09-06 15:50:21,585 [ERROR] [http-nio-8083-exec-10] ..atakancoban.bean.HelloBean              :45 - Bu bir ERROR mesajý 
2017-09-06 15:50:21,586 [FATAL] [http-nio-8083-exec-10] ..atakancoban.bean.HelloBean              :46 - Bu bir FATAL mesajý 
2017-09-06 15:50:27,363 [DEBUG] [C3P0PooledConnectionPoolManager[identityToken->1br8czi9qo7eyncpvwd01|4c731657]-AdminTaskTimer] ..v2.async.ThreadPoolAsynchronousRunner   :778 - com.mchange.v2.async.ThreadPoolAsynchronousRunner$DeadlockDetector@6262fb99 -- Running DeadlockDetector[Exiting. No pending tasks.]
2017-09-06 15:50:37,364 [DEBUG] [C3P0PooledConnectionPoolManager[identityToken->1br8czi9qo7eyncpvwd01|4c731657]-AdminTaskTimer] ..v2.async.ThreadPoolAsynchronousRunner   :778 - com.mchange.v2.async.ThreadPoolAsynchronousRunner$DeadlockDetector@6262fb99 -- Running DeadlockDetector[Exiting. No pending tasks.]
2017-09-06 15:50:47,365 [DEBUG] [C3P0PooledConnectionPoolManager[identityToken->1br8czi9qo7eyncpvwd01|4c731657]-AdminTaskTimer] ..v2.async.ThreadPoolAsynchronousRunner   :778 - com.mchange.v2.async.ThreadPoolAsynchronousRunner$DeadlockDetector@6262fb99 -- Running DeadlockDetector[Exiting. No pending tasks.]
2017-09-06 15:50:57,366 [DEBUG] [C3P0PooledConnectionPoolManager[identityToken->1br8czi9qo7eyncpvwd01|4c731657]-AdminTaskTimer] ..v2.async.ThreadPoolAsynchronousRunner   :778 - com.mchange.v2.async.ThreadPoolAsynchronousRunner$DeadlockDetector@6262fb99 -- Running DeadlockDetector[Exiting. No pending tasks.]
2017-09-06 15:51:07,367 [DEBUG] [C3P0PooledConnectionPoolManager[identityToken->1br8czi9qo7eyncpvwd01|4c731657]-AdminTaskTimer] ..v2.async.ThreadPoolAsynchronousRunner   :778 - com.mchange.v2.async.ThreadPoolAsynchronousRunner$DeadlockDetector@6262fb99 -- Running DeadlockDetector[Exiting. No pending tasks.]
2017-09-06 15:51:17,368 [DEBUG] [C3P0PooledConnectionPoolManager[identityToken->1br8czi9qo7eyncpvwd01|4c731657]-AdminTaskTimer] ..v2.async.ThreadPoolAsynchronousRunner   :778 - com.mchange.v2.async.ThreadPoolAsynchronousRunner$DeadlockDetector@6262fb99 -- Running DeadlockDetector[Exiting. No pending tasks.]
2017-09-06 15:51:27,369 [DEBUG] [C3P0PooledConnectionPoolManager[identityToken->1br8czi9qo7eyncpvwd01|4c731657]-AdminTaskTimer] ..v2.async.ThreadPoolAsynchronousRunner   :778 - com.mchange.v2.async.ThreadPoolAsynchronousRunner$DeadlockDetector@6262fb99 -- Running DeadlockDetector[Exiting. No pending tasks.]
2017-09-06 15:51:37,370 [DEBUG] [C3P0PooledConnectionPoolManager[identityToken->1br8czi9qo7eyncpvwd01|4c731657]-AdminTaskTimer] ..v2.async.ThreadPoolAsynchronousRunner   :778 - com.mchange.v2.async.ThreadPoolAsynchronousRunner$DeadlockDetector@6262fb99 -- Running DeadlockDetector[Exiting. No pending tasks.]
2017-09-06 15:51:47,371 [DEBUG] [C3P0PooledConnectionPoolManager[identityToken->1br8czi9qo7eyncpvwd01|4c731657]-AdminTaskTimer] ..v2.async.ThreadPoolAsynchronousRunner   :778 - com.mchange.v2.async.ThreadPoolAsynchronousRunner$DeadlockDetector@6262fb99 -- Running DeadlockDetector[Exiting. No pending tasks.]
2017-09-06 15:51:57,372 [DEBUG] [C3P0PooledConnectionPoolManager[identityToken->1br8czi9qo7eyncpvwd01|4c731657]-AdminTaskTimer] ..v2.async.ThreadPoolAsynchronousRunner   :778 - com.mchange.v2.async.ThreadPoolAsynchronousRunner$DeadlockDetector@6262fb99 -- Running DeadlockDetector[Exiting. No pending tasks.]
2017-09-06 15:52:07,373 [DEBUG] [C3P0PooledConnectionPoolManager[identityToken->1br8czi9qo7eyncpvwd01|4c731657]-AdminTaskTimer] ..v2.async.ThreadPoolAsynchronousRunner   :778 - com.mchange.v2.async.ThreadPoolAsynchronousRunner$DeadlockDetector@6262fb99 -- Running DeadlockDetector[Exiting. No pending tasks.]
2017-09-06 15:52:17,374 [DEBUG] [C3P0PooledConnectionPoolManager[identityToken->1br8czi9qo7eyncpvwd01|4c731657]-AdminTaskTimer] ..v2.async.ThreadPoolAsynchronousRunner   :778 - com.mchange.v2.async.ThreadPoolAsynchronousRunner$DeadlockDetector@6262fb99 -- Running DeadlockDetector[Exiting. No pending tasks.]
2017-09-06 15:52:27,375 [DEBUG] [C3P0PooledConnectionPoolManager[identityToken->1br8czi9qo7eyncpvwd01|4c731657]-AdminTaskTimer] ..v2.async.ThreadPoolAsynchronousRunner   :778 - com.mchange.v2.async.ThreadPoolAsynchronousRunner$DeadlockDetector@6262fb99 -- Running DeadlockDetector[Exiting. No pending tasks.]
2017-09-06 15:52:37,376 [DEBUG] [C3P0PooledConnectionPoolManager[identityToken->1br8czi9qo7eyncpvwd01|4c731657]-AdminTaskTimer] ..v2.async.ThreadPoolAsynchronousRunner   :778 - com.mchange.v2.async.ThreadPoolAsynchronousRunner$DeadlockDetector@6262fb99 -- Running DeadlockDetector[Exiting. No pending tasks.]
2017-09-06 15:52:47,377 [DEBUG] [C3P0PooledConnectionPoolManager[identityToken->1br8czi9qo7eyncpvwd01|4c731657]-AdminTaskTimer] ..v2.async.ThreadPoolAsynchronousRunner   :778 - com.mchange.v2.async.ThreadPoolAsynchronousRunner$DeadlockDetector@6262fb99 -- Running DeadlockDetector[Exiting. No pending tasks.]
2017-09-06 15:52:57,378 [DEBUG] [C3P0PooledConnectionPoolManager[identityToken->1br8czi9qo7eyncpvwd01|4c731657]-AdminTaskTimer] ..v2.async.ThreadPoolAsynchronousRunner   :778 - com.mchange.v2.async.ThreadPoolAsynchronousRunner$DeadlockDetector@6262fb99 -- Running DeadlockDetector[Exiting. No pending tasks.]
2017-09-06 15:53:42,361 [ERROR] [http-nio-8083-exec-6] ..atakancoban.bean.HelloBean              :45 - Bu bir ERROR mesajý 
2017-09-06 15:53:42,366 [FATAL] [http-nio-8083-exec-6] ..atakancoban.bean.HelloBean              :46 - Bu bir FATAL mesajý 
2017-09-07 09:36:17,805 [DEBUG] [C3P0PooledConnectionPoolManager[identityToken->1br8czi9qp9i7tjh1ixvf|10d8c33e]-HelperThread-#0] ..c3p0.impl.C3P0PooledConnectionPool      :284 - com.mchange.v2.c3p0.impl.C3P0PooledConnectionPool$1PooledConnectionResourcePoolManager@3de50bea.acquireResource() returning. 
2017-09-07 09:36:17,809 [DEBUG] [C3P0PooledConnectionPoolManager[identityToken->1br8czi9qp9i7tjh1ixvf|10d8c33e]-HelperThread-#0] ..v2.resourcepool.BasicResourcePool       :1801 - trace com.mchange.v2.resourcepool.BasicResourcePool@749f8d9d [managed: 2, unused: 2, excluded: 0] (e.g. com.mchange.v2.c3p0.impl.NewPooledConnection@817819a)
2017-09-07 09:36:17,809 [DEBUG] [C3P0PooledConnectionPoolManager[identityToken->1br8czi9qp9i7tjh1ixvf|10d8c33e]-HelperThread-#0] ..v2.resourcepool.BasicResourcePool       :497 - decremented pending_acquires: 0
2017-09-07 09:36:17,809 [DEBUG] [C3P0PooledConnectionPoolManager[identityToken->1br8czi9qp9i7tjh1ixvf|10d8c33e]-HelperThread-#0] ..v2.resourcepool.BasicResourcePool       :1885 - Acquisition series terminated successfully. Decremented pending_acquires [0],  attempts_remaining: 30
2017-09-07 09:36:24,593 [DEBUG] [C3P0PooledConnectionPoolManager[identityToken->1br8czi9qp9i7tjh1ixvf|10d8c33e]-AdminTaskTimer] ..v2.async.ThreadPoolAsynchronousRunner   :778 - com.mchange.v2.async.ThreadPoolAsynchronousRunner$DeadlockDetector@6262fb99 -- Running DeadlockDetector[Exiting. No pending tasks.]
2017-09-07 09:36:34,594 [DEBUG] [C3P0PooledConnectionPoolManager[identityToken->1br8czi9qp9i7tjh1ixvf|10d8c33e]-AdminTaskTimer] ..v2.async.ThreadPoolAsynchronousRunner   :778 - com.mchange.v2.async.ThreadPoolAsynchronousRunner$DeadlockDetector@6262fb99 -- Running DeadlockDetector[Exiting. No pending tasks.]
2017-09-07 09:36:35,742 [DEBUG] [http-nio-8083-exec-10] ..v2.resourcepool.BasicResourcePool       :1801 - trace com.mchange.v2.resourcepool.BasicResourcePool@749f8d9d [managed: 2, unused: 1, excluded: 0] (e.g. com.mchange.v2.c3p0.impl.NewPooledConnection@817819a)
2017-09-07 09:36:35,751 [DEBUG] [http-nio-8083-exec-10] ..v2.async.ThreadPoolAsynchronousRunner   :236 - com.mchange.v2.async.ThreadPoolAsynchronousRunner@42b4411: Adding task to queue -- com.mchange.v2.resourcepool.BasicResourcePool$1RefurbishCheckinResourceTask@648ee985
2017-09-07 09:36:35,751 [DEBUG] [http-nio-8083-exec-10] ..v2.resourcepool.BasicResourcePool       :1801 - trace com.mchange.v2.resourcepool.BasicResourcePool@749f8d9d [managed: 2, unused: 1, excluded: 0] (e.g. com.mchange.v2.c3p0.impl.NewPooledConnection@817819a)
2017-09-07 09:36:35,754 [DEBUG] [http-nio-8083-exec-10] ..v2.resourcepool.BasicResourcePool       :1801 - trace com.mchange.v2.resourcepool.BasicResourcePool@749f8d9d [managed: 2, unused: 1, excluded: 0] (e.g. com.mchange.v2.c3p0.impl.NewPooledConnection@817819a)
2017-09-07 09:36:35,882 [DEBUG] [http-nio-8083-exec-10] ..v2.async.ThreadPoolAsynchronousRunner   :236 - com.mchange.v2.async.ThreadPoolAsynchronousRunner@42b4411: Adding task to queue -- com.mchange.v2.resourcepool.BasicResourcePool$1RefurbishCheckinResourceTask@3e94bab8
2017-09-07 09:36:35,882 [DEBUG] [http-nio-8083-exec-10] ..v2.resourcepool.BasicResourcePool       :1801 - trace com.mchange.v2.resourcepool.BasicResourcePool@749f8d9d [managed: 2, unused: 1, excluded: 0] (e.g. com.mchange.v2.c3p0.impl.NewPooledConnection@817819a)
2017-09-07 09:36:35,882 [ERROR] [http-nio-8083-exec-10] ..atakancoban.bean.HelloBean              :45 - Bu bir ERROR mesajý 
2017-09-07 09:36:35,883 [FATAL] [http-nio-8083-exec-10] ..atakancoban.bean.HelloBean              :46 - Bu bir FATAL mesajý 
2017-09-07 09:36:44,595 [DEBUG] [C3P0PooledConnectionPoolManager[identityToken->1br8czi9qp9i7tjh1ixvf|10d8c33e]-AdminTaskTimer] ..v2.async.ThreadPoolAsynchronousRunner   :778 - com.mchange.v2.async.ThreadPoolAsynchronousRunner$DeadlockDetector@6262fb99 -- Running DeadlockDetector[Exiting. No pending tasks.]
2017-09-07 09:36:54,596 [DEBUG] [C3P0PooledConnectionPoolManager[identityToken->1br8czi9qp9i7tjh1ixvf|10d8c33e]-AdminTaskTimer] ..v2.async.ThreadPoolAsynchronousRunner   :778 - com.mchange.v2.async.ThreadPoolAsynchronousRunner$DeadlockDetector@6262fb99 -- Running DeadlockDetector[Exiting. No pending tasks.]
2017-09-07 09:37:04,597 [DEBUG] [C3P0PooledConnectionPoolManager[identityToken->1br8czi9qp9i7tjh1ixvf|10d8c33e]-AdminTaskTimer] ..v2.async.ThreadPoolAsynchronousRunner   :778 - com.mchange.v2.async.ThreadPoolAsynchronousRunner$DeadlockDetector@6262fb99 -- Running DeadlockDetector[Exiting. No pending tasks.]
2017-09-07 09:37:14,598 [DEBUG] [C3P0PooledConnectionPoolManager[identityToken->1br8czi9qp9i7tjh1ixvf|10d8c33e]-AdminTaskTimer] ..v2.async.ThreadPoolAsynchronousRunner   :778 - com.mchange.v2.async.ThreadPoolAsynchronousRunner$DeadlockDetector@6262fb99 -- Running DeadlockDetector[Exiting. No pending tasks.]
2017-09-07 09:37:24,599 [DEBUG] [C3P0PooledConnectionPoolManager[identityToken->1br8czi9qp9i7tjh1ixvf|10d8c33e]-AdminTaskTimer] ..v2.async.ThreadPoolAsynchronousRunner   :778 - com.mchange.v2.async.ThreadPoolAsynchronousRunner$DeadlockDetector@6262fb99 -- Running DeadlockDetector[Exiting. No pending tasks.]
2017-09-07 09:37:34,600 [DEBUG] [C3P0PooledConnectionPoolManager[identityToken->1br8czi9qp9i7tjh1ixvf|10d8c33e]-AdminTaskTimer] ..v2.async.ThreadPoolAsynchronousRunner   :778 - com.mchange.v2.async.ThreadPoolAsynchronousRunner$DeadlockDetector@6262fb99 -- Running DeadlockDetector[Exiting. No pending tasks.]
2017-09-07 09:37:44,601 [DEBUG] [C3P0PooledConnectionPoolManager[identityToken->1br8czi9qp9i7tjh1ixvf|10d8c33e]-AdminTaskTimer] ..v2.async.ThreadPoolAsynchronousRunner   :778 - com.mchange.v2.async.ThreadPoolAsynchronousRunner$DeadlockDetector@6262fb99 -- Running DeadlockDetector[Exiting. No pending tasks.]
2017-09-07 09:37:54,602 [DEBUG] [C3P0PooledConnectionPoolManager[identityToken->1br8czi9qp9i7tjh1ixvf|10d8c33e]-AdminTaskTimer] ..v2.async.ThreadPoolAsynchronousRunner   :778 - com.mchange.v2.async.ThreadPoolAsynchronousRunner$DeadlockDetector@6262fb99 -- Running DeadlockDetector[Exiting. No pending tasks.]
2017-09-07 09:38:04,603 [DEBUG] [C3P0PooledConnectionPoolManager[identityToken->1br8czi9qp9i7tjh1ixvf|10d8c33e]-AdminTaskTimer] ..v2.async.ThreadPoolAsynchronousRunner   :778 - com.mchange.v2.async.ThreadPoolAsynchronousRunner$DeadlockDetector@6262fb99 -- Running DeadlockDetector[Exiting. No pending tasks.]
2017-09-07 09:38:14,604 [DEBUG] [C3P0PooledConnectionPoolManager[identityToken->1br8czi9qp9i7tjh1ixvf|10d8c33e]-AdminTaskTimer] ..v2.async.ThreadPoolAsynchronousRunner   :778 - com.mchange.v2.async.ThreadPoolAsynchronousRunner$DeadlockDetector@6262fb99 -- Running DeadlockDetector[Exiting. No pending tasks.]
2017-09-07 09:38:24,605 [DEBUG] [C3P0PooledConnectionPoolManager[identityToken->1br8czi9qp9i7tjh1ixvf|10d8c33e]-AdminTaskTimer] ..v2.async.ThreadPoolAsynchronousRunner   :778 - com.mchange.v2.async.ThreadPoolAsynchronousRunner$DeadlockDetector@6262fb99 -- Running DeadlockDetector[Exiting. No pending tasks.]
2017-09-07 09:38:34,606 [DEBUG] [C3P0PooledConnectionPoolManager[identityToken->1br8czi9qp9i7tjh1ixvf|10d8c33e]-AdminTaskTimer] ..v2.async.ThreadPoolAsynchronousRunner   :778 - com.mchange.v2.async.ThreadPoolAsynchronousRunner$DeadlockDetector@6262fb99 -- Running DeadlockDetector[Exiting. No pending tasks.]
2017-09-07 09:38:44,607 [DEBUG] [C3P0PooledConnectionPoolManager[identityToken->1br8czi9qp9i7tjh1ixvf|10d8c33e]-AdminTaskTimer] ..v2.async.ThreadPoolAsynchronousRunner   :778 - com.mchange.v2.async.ThreadPoolAsynchronousRunner$DeadlockDetector@6262fb99 -- Running DeadlockDetector[Exiting. No pending tasks.]
2017-09-07 09:38:54,608 [DEBUG] [C3P0PooledConnectionPoolManager[identityToken->1br8czi9qp9i7tjh1ixvf|10d8c33e]-AdminTaskTimer] ..v2.async.ThreadPoolAsynchronousRunner   :778 - com.mchange.v2.async.ThreadPoolAsynchronousRunner$DeadlockDetector@6262fb99 -- Running DeadlockDetector[Exiting. No pending tasks.]
2017-09-07 09:39:04,609 [DEBUG] [C3P0PooledConnectionPoolManager[identityToken->1br8czi9qp9i7tjh1ixvf|10d8c33e]-AdminTaskTimer] ..v2.async.ThreadPoolAsynchronousRunner   :778 - com.mchange.v2.async.ThreadPoolAsynchronousRunner$DeadlockDetector@6262fb99 -- Running DeadlockDetector[Exiting. No pending tasks.]
2017-09-07 09:39:14,610 [DEBUG] [C3P0PooledConnectionPoolManager[identityToken->1br8czi9qp9i7tjh1ixvf|10d8c33e]-AdminTaskTimer] ..v2.async.ThreadPoolAsynchronousRunner   :778 - com.mchange.v2.async.ThreadPoolAsynchronousRunner$DeadlockDetector@6262fb99 -- Running DeadlockDetector[Exiting. No pending tasks.]
2017-09-07 09:39:24,611 [DEBUG] [C3P0PooledConnectionPoolManager[identityToken->1br8czi9qp9i7tjh1ixvf|10d8c33e]-AdminTaskTimer] ..v2.async.ThreadPoolAsynchronousRunner   :778 - com.mchange.v2.async.ThreadPoolAsynchronousRunner$DeadlockDetector@6262fb99 -- Running DeadlockDetector[Exiting. No pending tasks.]
2017-09-07 09:39:34,612 [DEBUG] [C3P0PooledConnectionPoolManager[identityToken->1br8czi9qp9i7tjh1ixvf|10d8c33e]-AdminTaskTimer] ..v2.async.ThreadPoolAsynchronousRunner   :778 - com.mchange.v2.async.ThreadPoolAsynchronousRunner$DeadlockDetector@6262fb99 -- Running DeadlockDetector[Exiting. No pending tasks.]
2017-09-07 09:39:44,613 [DEBUG] [C3P0PooledConnectionPoolManager[identityToken->1br8czi9qp9i7tjh1ixvf|10d8c33e]-AdminTaskTimer] ..v2.async.ThreadPoolAsynchronousRunner   :778 - com.mchange.v2.async.ThreadPoolAsynchronousRunner$DeadlockDetector@6262fb99 -- Running DeadlockDetector[Exiting. No pending tasks.]
2017-09-07 09:39:54,614 [DEBUG] [C3P0PooledConnectionPoolManager[identityToken->1br8czi9qp9i7tjh1ixvf|10d8c33e]-AdminTaskTimer] ..v2.async.ThreadPoolAsynchronousRunner   :778 - com.mchange.v2.async.ThreadPoolAsynchronousRunner$DeadlockDetector@6262fb99 -- Running DeadlockDetector[Exiting. No pending tasks.]
2017-09-07 09:40:04,615 [DEBUG] [C3P0PooledConnectionPoolManager[identityToken->1br8czi9qp9i7tjh1ixvf|10d8c33e]-AdminTaskTimer] ..v2.async.ThreadPoolAsynchronousRunner   :778 - com.mchange.v2.async.ThreadPoolAsynchronousRunner$DeadlockDetector@6262fb99 -- Running DeadlockDetector[Exiting. No pending tasks.]
2017-09-07 09:40:14,616 [DEBUG] [C3P0PooledConnectionPoolManager[identityToken->1br8czi9qp9i7tjh1ixvf|10d8c33e]-AdminTaskTimer] ..v2.async.ThreadPoolAsynchronousRunner   :778 - com.mchange.v2.async.ThreadPoolAsynchronousRunner$DeadlockDetector@6262fb99 -- Running DeadlockDetector[Exiting. No pending tasks.]
2017-09-07 09:40:24,617 [DEBUG] [C3P0PooledConnectionPoolManager[identityToken->1br8czi9qp9i7tjh1ixvf|10d8c33e]-AdminTaskTimer] ..v2.async.ThreadPoolAsynchronousRunner   :778 - com.mchange.v2.async.ThreadPoolAsynchronousRunner$DeadlockDetector@6262fb99 -- Running DeadlockDetector[Exiting. No pending tasks.]
2017-09-07 09:40:34,618 [DEBUG] [C3P0PooledConnectionPoolManager[identityToken->1br8czi9qp9i7tjh1ixvf|10d8c33e]-AdminTaskTimer] ..v2.async.ThreadPoolAsynchronousRunner   :778 - com.mchange.v2.async.ThreadPoolAsynchronousRunner$DeadlockDetector@6262fb99 -- Running DeadlockDetector[Exiting. No pending tasks.]
2017-09-07 09:40:44,619 [DEBUG] [C3P0PooledConnectionPoolManager[identityToken->1br8czi9qp9i7tjh1ixvf|10d8c33e]-AdminTaskTimer] ..v2.async.ThreadPoolAsynchronousRunner   :778 - com.mchange.v2.async.ThreadPoolAsynchronousRunner$DeadlockDetector@6262fb99 -- Running DeadlockDetector[Exiting. No pending tasks.]
2017-09-07 09:40:54,620 [DEBUG] [C3P0PooledConnectionPoolManager[identityToken->1br8czi9qp9i7tjh1ixvf|10d8c33e]-AdminTaskTimer] ..v2.async.ThreadPoolAsynchronousRunner   :778 - com.mchange.v2.async.ThreadPoolAsynchronousRunner$DeadlockDetector@6262fb99 -- Running DeadlockDetector[Exiting. No pending tasks.]
2017-09-07 09:41:04,621 [DEBUG] [C3P0PooledConnectionPoolManager[identityToken->1br8czi9qp9i7tjh1ixvf|10d8c33e]-AdminTaskTimer] ..v2.async.ThreadPoolAsynchronousRunner   :778 - com.mchange.v2.async.ThreadPoolAsynchronousRunner$DeadlockDetector@6262fb99 -- Running DeadlockDetector[Exiting. No pending tasks.]
2017-09-07 09:41:14,622 [DEBUG] [C3P0PooledConnectionPoolManager[identityToken->1br8czi9qp9i7tjh1ixvf|10d8c33e]-AdminTaskTimer] ..v2.async.ThreadPoolAsynchronousRunner   :778 - com.mchange.v2.async.ThreadPoolAsynchronousRunner$DeadlockDetector@6262fb99 -- Running DeadlockDetector[Exiting. No pending tasks.]
2017-09-07 09:41:24,623 [DEBUG] [C3P0PooledConnectionPoolManager[identityToken->1br8czi9qp9i7tjh1ixvf|10d8c33e]-AdminTaskTimer] ..v2.async.ThreadPoolAsynchronousRunner   :778 - com.mchange.v2.async.ThreadPoolAsynchronousRunner$DeadlockDetector@6262fb99 -- Running DeadlockDetector[Exiting. No pending tasks.]
2017-09-07 09:41:34,624 [DEBUG] [C3P0PooledConnectionPoolManager[identityToken->1br8czi9qp9i7tjh1ixvf|10d8c33e]-AdminTaskTimer] ..v2.async.ThreadPoolAsynchronousRunner   :778 - com.mchange.v2.async.ThreadPoolAsynchronousRunner$DeadlockDetector@6262fb99 -- Running DeadlockDetector[Exiting. No pending tasks.]
2017-09-07 09:41:59,215 [INFO ] [http-nio-8083-exec-4] ..atakancoban.bean.HelloBean              :43 - Bu bir INFO mesajý 
2017-09-07 09:41:59,217 [WARN ] [http-nio-8083-exec-4] ..atakancoban.bean.HelloBean              :44 - Bu bir WARN mesajý 
2017-09-07 09:41:59,218 [ERROR] [http-nio-8083-exec-4] ..atakancoban.bean.HelloBean              :45 - Bu bir ERROR mesajý 
2017-09-07 09:41:59,218 [FATAL] [http-nio-8083-exec-4] ..atakancoban.bean.HelloBean              :46 - Bu bir FATAL mesajý 
2017-09-07 09:44:58,020 [TRACE] [http-nio-8083-exec-4] ..atakancoban.bean.HelloBean              :41 - Bu bir TRACE mesajý 
2017-09-07 09:44:58,022 [DEBUG] [http-nio-8083-exec-4] ..atakancoban.bean.HelloBean              :42 - Bu bir DEBUG mesajý 
2017-09-07 09:44:58,023 [INFO ] [http-nio-8083-exec-4] ..atakancoban.bean.HelloBean              :43 - Bu bir INFO mesajý 
2017-09-07 09:44:58,023 [WARN ] [http-nio-8083-exec-4] ..atakancoban.bean.HelloBean              :44 - Bu bir WARN mesajý 
2017-09-07 09:44:58,023 [ERROR] [http-nio-8083-exec-4] ..atakancoban.bean.HelloBean              :45 - Bu bir ERROR mesajý 
2017-09-07 09:44:58,023 [FATAL] [http-nio-8083-exec-4] ..atakancoban.bean.HelloBean              :46 - Bu bir FATAL mesajý 
